[debug] [2022-01-18T20:42:03.139Z] ----------------------------------------------------------------------
[debug] [2022-01-18T20:42:03.141Z] Command:       C:\Program Files\nodejs\node.exe C:\Users\DELL\AppData\Roaming\npm\node_modules\firebase-tools\lib\bin\firebase.js emulators:start
[debug] [2022-01-18T20:42:03.142Z] CLI Version:   10.1.0
[debug] [2022-01-18T20:42:03.142Z] Platform:      win32
[debug] [2022-01-18T20:42:03.142Z] Node Version:  v16.13.1
[debug] [2022-01-18T20:42:03.143Z] Time:          Wed Jan 19 2022 02:12:03 GMT+0530 (India Standard Time)
[debug] [2022-01-18T20:42:03.143Z] ----------------------------------------------------------------------
[debug] 
[debug] [2022-01-18T20:42:03.214Z] > command requires scopes: ["email","openid","https://www.googleapis.com/auth/cloudplatformprojects.readonly","https://www.googleapis.com/auth/firebase","https://www.googleapis.com/auth/cloud-platform"]
[debug] [2022-01-18T20:42:03.214Z] > authorizing via signed-in user (ahmedabs1430@gmail.com)
[info] i  emulators: Starting emulators: functions {"metadata":{"emulator":{"name":"hub"},"message":"Starting emulators: functions"}}
[debug] [2022-01-18T20:42:03.244Z] [hub] writing locator at C:\Users\DELL\AppData\Local\Temp\hub-clone-a1afd.json
[warn] !  functions: The following emulators are not running, calls to these services from the Functions emulator will affect production: auth, firestore, database, hosting, pubsub, storage {"metadata":{"emulator":{"name":"functions"},"message":"The following emulators are not running, calls to these services from the Functions emulator will affect production: \u001b[1mauth, firestore, database, hosting, pubsub, storage\u001b[22m"}}
[info] +  functions: Using node@16 from host. {"metadata":{"emulator":{"name":"functions"},"message":"Using node@16 from host."}}
[warn] !  Your requested "node" version "16" doesn't match your global version "16" {"metadata":{"emulator":{"name":"functions"},"message":"Your requested \"node\" version \"16\" doesn't match your global version \"16\""}}
[debug] [2022-01-18T20:42:03.329Z] defaultcredentials: writing to file C:\Users\DELL\AppData\Roaming\firebase\ahmedabs1430_gmail_com_application_default_credentials.json
[debug] [2022-01-18T20:42:03.334Z] Setting GAC to C:\Users\DELL\AppData\Roaming\firebase\ahmedabs1430_gmail_com_application_default_credentials.json {"metadata":{"emulator":{"name":"functions"},"message":"Setting GAC to C:\\Users\\DELL\\AppData\\Roaming\\firebase\\ahmedabs1430_gmail_com_application_default_credentials.json"}}
[debug] [2022-01-18T20:42:03.341Z] >>> [apiv2][query] GET https://firebase.googleapis.com/v1beta1/projects/clone-a1afd/adminSdkConfig [none]
[debug] [2022-01-18T20:42:03.964Z] <<< [apiv2][status] GET https://firebase.googleapis.com/v1beta1/projects/clone-a1afd/adminSdkConfig 200
[debug] [2022-01-18T20:42:03.964Z] <<< [apiv2][body] GET https://firebase.googleapis.com/v1beta1/projects/clone-a1afd/adminSdkConfig {"projectId":"clone-a1afd","storageBucket":"clone-a1afd.appspot.com"}
[info] i  ui: downloading ui-v1.6.4.zip... {"metadata":{"emulator":{"name":"ui"},"message":"downloading ui-v1.6.4.zip..."}}
[debug] [2022-01-18T20:42:04.013Z] >>> [apiv2][query] GET https://storage.googleapis.com/firebase-preview-drop/emulator/ui-v1.6.4.zip 
[debug] [2022-01-18T20:42:04.297Z] <<< [apiv2][status] GET https://storage.googleapis.com/firebase-preview-drop/emulator/ui-v1.6.4.zip 200
[debug] [2022-01-18T20:42:04.298Z] <<< [apiv2][body] GET https://storage.googleapis.com/firebase-preview-drop/emulator/ui-v1.6.4.zip [stream]
[debug] [2022-01-18T20:42:05.884Z] Ignoring unsupported arg: auto_download {"metadata":{"emulator":{"name":"ui"},"message":"Ignoring unsupported arg: auto_download"}}
[debug] [2022-01-18T20:42:05.885Z] Ignoring unsupported arg: port {"metadata":{"emulator":{"name":"ui"},"message":"Ignoring unsupported arg: port"}}
[debug] [2022-01-18T20:42:05.885Z] Starting Emulator UI with command {"binary":"node","args":["C:\\Users\\DELL\\.cache\\firebase\\emulators\\ui-v1.6.4\\server.bundle.js"],"optionalArgs":[],"joinArgs":false} {"metadata":{"emulator":{"name":"ui"},"message":"Starting Emulator UI with command {\"binary\":\"node\",\"args\":[\"C:\\\\Users\\\\DELL\\\\.cache\\\\firebase\\\\emulators\\\\ui-v1.6.4\\\\server.bundle.js\"],\"optionalArgs\":[],\"joinArgs\":false}"}}
[info] i  ui: Emulator UI logging to ui-debug.log {"metadata":{"emulator":{"name":"ui"},"message":"Emulator UI logging to \u001b[1mui-debug.log\u001b[22m"}}
[debug] [2022-01-18T20:42:06.013Z] Web / API server started at localhost:4000
 {"metadata":{"emulator":{"name":"ui"},"message":"Web / API server started at localhost:4000\n"}}
[info] i  functions: Watching "E:\Ahmedabbas\SCOUT\amazon-clone\functions" for Cloud Functions... {"metadata":{"emulator":{"name":"functions"},"message":"Watching \"E:\\Ahmedabbas\\SCOUT\\amazon-clone\\functions\" for Cloud Functions..."}}
[debug] [2022-01-18T20:42:06.208Z] [worker-pool] addWorker(~diagnostic~) {"metadata":{"emulator":{"name":"functions"},"message":"[worker-pool] addWorker(~diagnostic~)"}}
[debug] [2022-01-18T20:42:06.209Z] [worker-pool] Adding worker with key ~diagnostic~, total=1 {"metadata":{"emulator":{"name":"functions"},"message":"[worker-pool] Adding worker with key ~diagnostic~, total=1"}}
[debug] [2022-01-18T20:42:06.210Z] [worker-pool] submitWork(triggerId=) {"metadata":{"emulator":{"name":"functions"},"message":"[worker-pool] submitWork(triggerId=)"}}
[debug] [2022-01-18T20:42:06.212Z] [worker-~diagnostic~-7fcfecff-2cdf-4f27-83cf-1c7c4f487ad4]: Assigning socketPath: \\?\pipe\E:\Ahmedabbas\SCOUT\amazon-clone\functions\9688 {"metadata":{"emulator":{"name":"functions"},"message":"[worker-~diagnostic~-7fcfecff-2cdf-4f27-83cf-1c7c4f487ad4]: Assigning socketPath: \\\\?\\pipe\\E:\\Ahmedabbas\\SCOUT\\amazon-clone\\functions\\9688"}}
[debug] [2022-01-18T20:42:06.214Z] [worker-~diagnostic~-7fcfecff-2cdf-4f27-83cf-1c7c4f487ad4]: BUSY {"metadata":{"emulator":{"name":"functions"},"message":"[worker-~diagnostic~-7fcfecff-2cdf-4f27-83cf-1c7c4f487ad4]: BUSY"}}
[debug] [2022-01-18T20:42:06.652Z] [runtime-status] [9688] Functions runtime initialized. {"cwd":"E:\\Ahmedabbas\\SCOUT\\amazon-clone\\functions","node_version":"16.13.1"} {"metadata":{"emulator":{"name":"functions"},"message":"[runtime-status] [9688] Functions runtime initialized. {\"cwd\":\"E:\\\\Ahmedabbas\\\\SCOUT\\\\amazon-clone\\\\functions\",\"node_version\":\"16.13.1\"}"}}
[debug] [2022-01-18T20:42:06.653Z] [runtime-status] [9688] Disabled runtime features: undefined {"metadata":{"emulator":{"name":"functions"},"message":"[runtime-status] [9688] Disabled runtime features: undefined"}}
[debug] [2022-01-18T20:42:06.660Z] [runtime-status] [9688] Resolved module firebase-admin {"declared":true,"installed":true,"version":"9.12.0","resolution":"E:\\Ahmedabbas\\SCOUT\\amazon-clone\\functions\\node_modules\\firebase-admin\\lib\\index.js"} {"metadata":{"emulator":{"name":"functions"},"message":"[runtime-status] [9688] Resolved module firebase-admin {\"declared\":true,\"installed\":true,\"version\":\"9.12.0\",\"resolution\":\"E:\\\\Ahmedabbas\\\\SCOUT\\\\amazon-clone\\\\functions\\\\node_modules\\\\firebase-admin\\\\lib\\\\index.js\"}"}}
[debug] [2022-01-18T20:42:06.667Z] [runtime-status] [9688] Resolved module firebase-functions {"declared":true,"installed":true,"version":"3.16.0","resolution":"E:\\Ahmedabbas\\SCOUT\\amazon-clone\\functions\\node_modules\\firebase-functions\\lib\\index.js"} {"metadata":{"emulator":{"name":"functions"},"message":"[runtime-status] [9688] Resolved module firebase-functions {\"declared\":true,\"installed\":true,\"version\":\"3.16.0\",\"resolution\":\"E:\\\\Ahmedabbas\\\\SCOUT\\\\amazon-clone\\\\functions\\\\node_modules\\\\firebase-functions\\\\lib\\\\index.js\"}"}}
[debug] [2022-01-18T20:42:06.671Z] [runtime-status] [9688] Outgoing network have been stubbed. [{"name":"http","status":"mocked"},{"name":"http","status":"mocked"},{"name":"https","status":"mocked"},{"name":"https","status":"mocked"},{"name":"net","status":"mocked"}] {"metadata":{"emulator":{"name":"functions"},"message":"[runtime-status] [9688] Outgoing network have been stubbed. [{\"name\":\"http\",\"status\":\"mocked\"},{\"name\":\"http\",\"status\":\"mocked\"},{\"name\":\"https\",\"status\":\"mocked\"},{\"name\":\"https\",\"status\":\"mocked\"},{\"name\":\"net\",\"status\":\"mocked\"}]"}}
[debug] [2022-01-18T20:42:06.674Z] [runtime-status] [9688] Resolved module firebase-functions {"declared":true,"installed":true,"version":"3.16.0","resolution":"E:\\Ahmedabbas\\SCOUT\\amazon-clone\\functions\\node_modules\\firebase-functions\\lib\\index.js"} {"metadata":{"emulator":{"name":"functions"},"message":"[runtime-status] [9688] Resolved module firebase-functions {\"declared\":true,\"installed\":true,\"version\":\"3.16.0\",\"resolution\":\"E:\\\\Ahmedabbas\\\\SCOUT\\\\amazon-clone\\\\functions\\\\node_modules\\\\firebase-functions\\\\lib\\\\index.js\"}"}}
[debug] [2022-01-18T20:42:06.780Z] [runtime-status] [9688] Checked functions.config() {"config":{}} {"metadata":{"emulator":{"name":"functions"},"message":"[runtime-status] [9688] Checked functions.config() {\"config\":{}}"}}
[debug] [2022-01-18T20:42:06.780Z] [runtime-status] [9688] firebase-functions has been stubbed. {"functionsResolution":{"declared":true,"installed":true,"version":"3.16.0","resolution":"E:\\Ahmedabbas\\SCOUT\\amazon-clone\\functions\\node_modules\\firebase-functions\\lib\\index.js"}} {"metadata":{"emulator":{"name":"functions"},"message":"[runtime-status] [9688] firebase-functions has been stubbed. {\"functionsResolution\":{\"declared\":true,\"installed\":true,\"version\":\"3.16.0\",\"resolution\":\"E:\\\\Ahmedabbas\\\\SCOUT\\\\amazon-clone\\\\functions\\\\node_modules\\\\firebase-functions\\\\lib\\\\index.js\"}}"}}
[debug] [2022-01-18T20:42:06.782Z] [runtime-status] [9688] Resolved module firebase-functions {"declared":true,"installed":true,"version":"3.16.0","resolution":"E:\\Ahmedabbas\\SCOUT\\amazon-clone\\functions\\node_modules\\firebase-functions\\lib\\index.js"} {"metadata":{"emulator":{"name":"functions"},"message":"[runtime-status] [9688] Resolved module firebase-functions {\"declared\":true,\"installed\":true,\"version\":\"3.16.0\",\"resolution\":\"E:\\\\Ahmedabbas\\\\SCOUT\\\\amazon-clone\\\\functions\\\\node_modules\\\\firebase-functions\\\\lib\\\\index.js\"}"}}
[debug] [2022-01-18T20:42:06.786Z] [runtime-status] [9688] Resolved module firebase-admin {"declared":true,"installed":true,"version":"9.12.0","resolution":"E:\\Ahmedabbas\\SCOUT\\amazon-clone\\functions\\node_modules\\firebase-admin\\lib\\index.js"} {"metadata":{"emulator":{"name":"functions"},"message":"[runtime-status] [9688] Resolved module firebase-admin {\"declared\":true,\"installed\":true,\"version\":\"9.12.0\",\"resolution\":\"E:\\\\Ahmedabbas\\\\SCOUT\\\\amazon-clone\\\\functions\\\\node_modules\\\\firebase-admin\\\\lib\\\\index.js\"}"}}
[debug] [2022-01-18T20:42:06.787Z] [runtime-status] [9688] Resolved module firebase-functions {"declared":true,"installed":true,"version":"3.16.0","resolution":"E:\\Ahmedabbas\\SCOUT\\amazon-clone\\functions\\node_modules\\firebase-functions\\lib\\index.js"} {"metadata":{"emulator":{"name":"functions"},"message":"[runtime-status] [9688] Resolved module firebase-functions {\"declared\":true,\"installed\":true,\"version\":\"3.16.0\",\"resolution\":\"E:\\\\Ahmedabbas\\\\SCOUT\\\\amazon-clone\\\\functions\\\\node_modules\\\\firebase-functions\\\\lib\\\\index.js\"}"}}
[debug] [2022-01-18T20:42:06.788Z] [runtime-status] [9688] firebase-admin has been stubbed. {"adminResolution":{"declared":true,"installed":true,"version":"9.12.0","resolution":"E:\\Ahmedabbas\\SCOUT\\amazon-clone\\functions\\node_modules\\firebase-admin\\lib\\index.js"}} {"metadata":{"emulator":{"name":"functions"},"message":"[runtime-status] [9688] firebase-admin has been stubbed. {\"adminResolution\":{\"declared\":true,\"installed\":true,\"version\":\"9.12.0\",\"resolution\":\"E:\\\\Ahmedabbas\\\\SCOUT\\\\amazon-clone\\\\functions\\\\node_modules\\\\firebase-admin\\\\lib\\\\index.js\"}}"}}
[info] +  functions[us-central1-api]: http function initialized (http://localhost:5001/clone-a1afd/us-central1/api). {"metadata":{"emulator":{"name":"functions"},"message":"\u001b[1mhttp\u001b[22m function initialized (http://localhost:5001/clone-a1afd/us-central1/api)."}}
[info] 
┌─────────────────────────────────────────────────────────────┐
│ ✔  All emulators ready! It is now safe to connect your app. │
│ i  View Emulator UI at http://localhost:4000                │
└─────────────────────────────────────────────────────────────┘

┌───────────┬────────────────┬─────────────────────────────────┐
│ Emulator  │ Host:Port      │ View in Emulator UI             │
├───────────┼────────────────┼─────────────────────────────────┤
│ Functions │ localhost:5001 │ http://localhost:4000/functions │
└───────────┴────────────────┴─────────────────────────────────┘
  Emulator Hub running at localhost:4400
  Other reserved ports: 4500

Issues? Report them at https://github.com/firebase/firebase-tools/issues and attach the *-debug.log files.
 
[debug] [2022-01-18T20:42:07.073Z] [worker-~diagnostic~-7fcfecff-2cdf-4f27-83cf-1c7c4f487ad4]: IDLE {"metadata":{"emulator":{"name":"functions"},"message":"[worker-~diagnostic~-7fcfecff-2cdf-4f27-83cf-1c7c4f487ad4]: IDLE"}}
[debug] [2022-01-18T20:43:48.088Z] File E:\Ahmedabbas\SCOUT\amazon-clone\functions\index.js changed, reloading triggers {"metadata":{"emulator":{"name":"functions"},"message":"File E:\\Ahmedabbas\\SCOUT\\amazon-clone\\functions\\index.js changed, reloading triggers"}}
[debug] [2022-01-18T20:43:49.091Z] [worker-pool] Shutting down IDLE worker (~diagnostic~) {"metadata":{"emulator":{"name":"functions"},"message":"[worker-pool] Shutting down IDLE worker (~diagnostic~)"}}
[debug] [2022-01-18T20:43:49.091Z] [worker-~diagnostic~-7fcfecff-2cdf-4f27-83cf-1c7c4f487ad4]: FINISHING {"metadata":{"emulator":{"name":"functions"},"message":"[worker-~diagnostic~-7fcfecff-2cdf-4f27-83cf-1c7c4f487ad4]: FINISHING"}}
[debug] [2022-01-18T20:43:49.107Z] [worker-pool] addWorker(~diagnostic~) {"metadata":{"emulator":{"name":"functions"},"message":"[worker-pool] addWorker(~diagnostic~)"}}
[debug] [2022-01-18T20:43:49.108Z] [worker-pool] Adding worker with key ~diagnostic~, total=2 {"metadata":{"emulator":{"name":"functions"},"message":"[worker-pool] Adding worker with key ~diagnostic~, total=2"}}
[debug] [2022-01-18T20:43:49.108Z] [worker-pool] submitWork(triggerId=) {"metadata":{"emulator":{"name":"functions"},"message":"[worker-pool] submitWork(triggerId=)"}}
[debug] [2022-01-18T20:43:49.109Z] [worker-~diagnostic~-c15f9572-be68-4358-a6b8-bc7ba3c5a04e]: Assigning socketPath: \\?\pipe\E:\Ahmedabbas\SCOUT\amazon-clone\functions\1596 {"metadata":{"emulator":{"name":"functions"},"message":"[worker-~diagnostic~-c15f9572-be68-4358-a6b8-bc7ba3c5a04e]: Assigning socketPath: \\\\?\\pipe\\E:\\Ahmedabbas\\SCOUT\\amazon-clone\\functions\\1596"}}
[debug] [2022-01-18T20:43:49.110Z] [worker-~diagnostic~-c15f9572-be68-4358-a6b8-bc7ba3c5a04e]: BUSY {"metadata":{"emulator":{"name":"functions"},"message":"[worker-~diagnostic~-c15f9572-be68-4358-a6b8-bc7ba3c5a04e]: BUSY"}}
[debug] [2022-01-18T20:43:49.123Z] [worker-~diagnostic~-7fcfecff-2cdf-4f27-83cf-1c7c4f487ad4]: exited {"metadata":{"emulator":{"name":"functions"},"message":"[worker-~diagnostic~-7fcfecff-2cdf-4f27-83cf-1c7c4f487ad4]: exited"}}
[debug] [2022-01-18T20:43:49.124Z] [worker-~diagnostic~-7fcfecff-2cdf-4f27-83cf-1c7c4f487ad4]: FINISHED {"metadata":{"emulator":{"name":"functions"},"message":"[worker-~diagnostic~-7fcfecff-2cdf-4f27-83cf-1c7c4f487ad4]: FINISHED"}}
[debug] [2022-01-18T20:43:49.673Z] [runtime-status] [1596] Functions runtime initialized. {"cwd":"E:\\Ahmedabbas\\SCOUT\\amazon-clone\\functions","node_version":"16.13.1"} {"metadata":{"emulator":{"name":"functions"},"message":"[runtime-status] [1596] Functions runtime initialized. {\"cwd\":\"E:\\\\Ahmedabbas\\\\SCOUT\\\\amazon-clone\\\\functions\",\"node_version\":\"16.13.1\"}"}}
[debug] [2022-01-18T20:43:49.675Z] [runtime-status] [1596] Disabled runtime features: undefined {"metadata":{"emulator":{"name":"functions"},"message":"[runtime-status] [1596] Disabled runtime features: undefined"}}
[debug] [2022-01-18T20:43:49.680Z] [runtime-status] [1596] Resolved module firebase-admin {"declared":true,"installed":true,"version":"9.12.0","resolution":"E:\\Ahmedabbas\\SCOUT\\amazon-clone\\functions\\node_modules\\firebase-admin\\lib\\index.js"} {"metadata":{"emulator":{"name":"functions"},"message":"[runtime-status] [1596] Resolved module firebase-admin {\"declared\":true,\"installed\":true,\"version\":\"9.12.0\",\"resolution\":\"E:\\\\Ahmedabbas\\\\SCOUT\\\\amazon-clone\\\\functions\\\\node_modules\\\\firebase-admin\\\\lib\\\\index.js\"}"}}
[debug] [2022-01-18T20:43:49.689Z] [runtime-status] [1596] Resolved module firebase-functions {"declared":true,"installed":true,"version":"3.16.0","resolution":"E:\\Ahmedabbas\\SCOUT\\amazon-clone\\functions\\node_modules\\firebase-functions\\lib\\index.js"} {"metadata":{"emulator":{"name":"functions"},"message":"[runtime-status] [1596] Resolved module firebase-functions {\"declared\":true,\"installed\":true,\"version\":\"3.16.0\",\"resolution\":\"E:\\\\Ahmedabbas\\\\SCOUT\\\\amazon-clone\\\\functions\\\\node_modules\\\\firebase-functions\\\\lib\\\\index.js\"}"}}
[debug] [2022-01-18T20:43:49.692Z] [runtime-status] [1596] Outgoing network have been stubbed. [{"name":"http","status":"mocked"},{"name":"http","status":"mocked"},{"name":"https","status":"mocked"},{"name":"https","status":"mocked"},{"name":"net","status":"mocked"}] {"metadata":{"emulator":{"name":"functions"},"message":"[runtime-status] [1596] Outgoing network have been stubbed. [{\"name\":\"http\",\"status\":\"mocked\"},{\"name\":\"http\",\"status\":\"mocked\"},{\"name\":\"https\",\"status\":\"mocked\"},{\"name\":\"https\",\"status\":\"mocked\"},{\"name\":\"net\",\"status\":\"mocked\"}]"}}
[debug] [2022-01-18T20:43:49.695Z] [runtime-status] [1596] Resolved module firebase-functions {"declared":true,"installed":true,"version":"3.16.0","resolution":"E:\\Ahmedabbas\\SCOUT\\amazon-clone\\functions\\node_modules\\firebase-functions\\lib\\index.js"} {"metadata":{"emulator":{"name":"functions"},"message":"[runtime-status] [1596] Resolved module firebase-functions {\"declared\":true,\"installed\":true,\"version\":\"3.16.0\",\"resolution\":\"E:\\\\Ahmedabbas\\\\SCOUT\\\\amazon-clone\\\\functions\\\\node_modules\\\\firebase-functions\\\\lib\\\\index.js\"}"}}
[debug] [2022-01-18T20:43:49.775Z] [runtime-status] [1596] Checked functions.config() {"config":{}} {"metadata":{"emulator":{"name":"functions"},"message":"[runtime-status] [1596] Checked functions.config() {\"config\":{}}"}}
[debug] [2022-01-18T20:43:49.775Z] [runtime-status] [1596] firebase-functions has been stubbed. {"functionsResolution":{"declared":true,"installed":true,"version":"3.16.0","resolution":"E:\\Ahmedabbas\\SCOUT\\amazon-clone\\functions\\node_modules\\firebase-functions\\lib\\index.js"}} {"metadata":{"emulator":{"name":"functions"},"message":"[runtime-status] [1596] firebase-functions has been stubbed. {\"functionsResolution\":{\"declared\":true,\"installed\":true,\"version\":\"3.16.0\",\"resolution\":\"E:\\\\Ahmedabbas\\\\SCOUT\\\\amazon-clone\\\\functions\\\\node_modules\\\\firebase-functions\\\\lib\\\\index.js\"}}"}}
[debug] [2022-01-18T20:43:49.777Z] [runtime-status] [1596] Resolved module firebase-functions {"declared":true,"installed":true,"version":"3.16.0","resolution":"E:\\Ahmedabbas\\SCOUT\\amazon-clone\\functions\\node_modules\\firebase-functions\\lib\\index.js"} {"metadata":{"emulator":{"name":"functions"},"message":"[runtime-status] [1596] Resolved module firebase-functions {\"declared\":true,\"installed\":true,\"version\":\"3.16.0\",\"resolution\":\"E:\\\\Ahmedabbas\\\\SCOUT\\\\amazon-clone\\\\functions\\\\node_modules\\\\firebase-functions\\\\lib\\\\index.js\"}"}}
[debug] [2022-01-18T20:43:49.779Z] [runtime-status] [1596] Resolved module firebase-admin {"declared":true,"installed":true,"version":"9.12.0","resolution":"E:\\Ahmedabbas\\SCOUT\\amazon-clone\\functions\\node_modules\\firebase-admin\\lib\\index.js"} {"metadata":{"emulator":{"name":"functions"},"message":"[runtime-status] [1596] Resolved module firebase-admin {\"declared\":true,\"installed\":true,\"version\":\"9.12.0\",\"resolution\":\"E:\\\\Ahmedabbas\\\\SCOUT\\\\amazon-clone\\\\functions\\\\node_modules\\\\firebase-admin\\\\lib\\\\index.js\"}"}}
[debug] [2022-01-18T20:43:49.780Z] [runtime-status] [1596] Resolved module firebase-functions {"declared":true,"installed":true,"version":"3.16.0","resolution":"E:\\Ahmedabbas\\SCOUT\\amazon-clone\\functions\\node_modules\\firebase-functions\\lib\\index.js"} {"metadata":{"emulator":{"name":"functions"},"message":"[runtime-status] [1596] Resolved module firebase-functions {\"declared\":true,\"installed\":true,\"version\":\"3.16.0\",\"resolution\":\"E:\\\\Ahmedabbas\\\\SCOUT\\\\amazon-clone\\\\functions\\\\node_modules\\\\firebase-functions\\\\lib\\\\index.js\"}"}}
[debug] [2022-01-18T20:43:49.780Z] [runtime-status] [1596] firebase-admin has been stubbed. {"adminResolution":{"declared":true,"installed":true,"version":"9.12.0","resolution":"E:\\Ahmedabbas\\SCOUT\\amazon-clone\\functions\\node_modules\\firebase-admin\\lib\\index.js"}} {"metadata":{"emulator":{"name":"functions"},"message":"[runtime-status] [1596] firebase-admin has been stubbed. {\"adminResolution\":{\"declared\":true,\"installed\":true,\"version\":\"9.12.0\",\"resolution\":\"E:\\\\Ahmedabbas\\\\SCOUT\\\\amazon-clone\\\\functions\\\\node_modules\\\\firebase-admin\\\\lib\\\\index.js\"}}"}}
[debug] [2022-01-18T20:43:49.933Z] [worker-~diagnostic~-c15f9572-be68-4358-a6b8-bc7ba3c5a04e]: IDLE {"metadata":{"emulator":{"name":"functions"},"message":"[worker-~diagnostic~-c15f9572-be68-4358-a6b8-bc7ba3c5a04e]: IDLE"}}
[debug] [2022-01-18T20:44:09.964Z] [work-queue] {"queueLength":1,"workRunningCount":0}
[debug] [2022-01-18T20:44:09.965Z] [work-queue] {"queueLength":0,"workRunningCount":1}
[debug] [2022-01-18T20:44:09.966Z] Accepted request GET /clone-a1afd/us-central1/api --> us-central1-api
[debug] [2022-01-18T20:44:09.969Z] [worker-pool] Cleaned up workers for ~diagnostic~: 2 --> 1 {"metadata":{"emulator":{"name":"functions"},"message":"[worker-pool] Cleaned up workers for ~diagnostic~: 2 --> 1"}}
[debug] [2022-01-18T20:44:09.988Z] [worker-pool] addWorker(us-central1-api) {"metadata":{"emulator":{"name":"functions"},"message":"[worker-pool] addWorker(us-central1-api)"}}
[debug] [2022-01-18T20:44:09.990Z] [worker-pool] Adding worker with key us-central1-api, total=1 {"metadata":{"emulator":{"name":"functions"},"message":"[worker-pool] Adding worker with key us-central1-api, total=1"}}
[debug] [2022-01-18T20:44:09.991Z] [worker-pool] submitWork(triggerId=us-central1-api) {"metadata":{"emulator":{"name":"functions"},"message":"[worker-pool] submitWork(triggerId=us-central1-api)"}}
[debug] [2022-01-18T20:44:09.992Z] [worker-us-central1-api-39bcee4d-83b8-4aa3-b893-72fd29269bc1]: Assigning socketPath: \\?\pipe\E:\Ahmedabbas\SCOUT\amazon-clone\functions\14176 {"metadata":{"emulator":{"name":"functions"},"message":"[worker-us-central1-api-39bcee4d-83b8-4aa3-b893-72fd29269bc1]: Assigning socketPath: \\\\?\\pipe\\E:\\Ahmedabbas\\SCOUT\\amazon-clone\\functions\\14176"}}
[debug] [2022-01-18T20:44:09.992Z] [worker-us-central1-api-39bcee4d-83b8-4aa3-b893-72fd29269bc1]: BUSY {"metadata":{"emulator":{"name":"functions"},"message":"[worker-us-central1-api-39bcee4d-83b8-4aa3-b893-72fd29269bc1]: BUSY"}}
[debug] [2022-01-18T20:44:10.337Z] [runtime-status] [14176] Functions runtime initialized. {"cwd":"E:\\Ahmedabbas\\SCOUT\\amazon-clone\\functions","node_version":"16.13.1"} {"metadata":{"emulator":{"name":"functions"},"function":{"name":"us-central1-api"},"message":"[runtime-status] [14176] Functions runtime initialized. {\"cwd\":\"E:\\\\Ahmedabbas\\\\SCOUT\\\\amazon-clone\\\\functions\",\"node_version\":\"16.13.1\"}"}}
[debug] [2022-01-18T20:44:10.338Z] [runtime-status] [14176] Disabled runtime features: undefined {"metadata":{"emulator":{"name":"functions"},"function":{"name":"us-central1-api"},"message":"[runtime-status] [14176] Disabled runtime features: undefined"}}
[debug] [2022-01-18T20:44:10.341Z] [runtime-status] [14176] Resolved module firebase-admin {"declared":true,"installed":true,"version":"9.12.0","resolution":"E:\\Ahmedabbas\\SCOUT\\amazon-clone\\functions\\node_modules\\firebase-admin\\lib\\index.js"} {"metadata":{"emulator":{"name":"functions"},"function":{"name":"us-central1-api"},"message":"[runtime-status] [14176] Resolved module firebase-admin {\"declared\":true,\"installed\":true,\"version\":\"9.12.0\",\"resolution\":\"E:\\\\Ahmedabbas\\\\SCOUT\\\\amazon-clone\\\\functions\\\\node_modules\\\\firebase-admin\\\\lib\\\\index.js\"}"}}
[debug] [2022-01-18T20:44:10.344Z] [runtime-status] [14176] Resolved module firebase-functions {"declared":true,"installed":true,"version":"3.16.0","resolution":"E:\\Ahmedabbas\\SCOUT\\amazon-clone\\functions\\node_modules\\firebase-functions\\lib\\index.js"} {"metadata":{"emulator":{"name":"functions"},"function":{"name":"us-central1-api"},"message":"[runtime-status] [14176] Resolved module firebase-functions {\"declared\":true,\"installed\":true,\"version\":\"3.16.0\",\"resolution\":\"E:\\\\Ahmedabbas\\\\SCOUT\\\\amazon-clone\\\\functions\\\\node_modules\\\\firebase-functions\\\\lib\\\\index.js\"}"}}
[debug] [2022-01-18T20:44:10.347Z] [runtime-status] [14176] Outgoing network have been stubbed. [{"name":"http","status":"mocked"},{"name":"http","status":"mocked"},{"name":"https","status":"mocked"},{"name":"https","status":"mocked"},{"name":"net","status":"mocked"}] {"metadata":{"emulator":{"name":"functions"},"function":{"name":"us-central1-api"},"message":"[runtime-status] [14176] Outgoing network have been stubbed. [{\"name\":\"http\",\"status\":\"mocked\"},{\"name\":\"http\",\"status\":\"mocked\"},{\"name\":\"https\",\"status\":\"mocked\"},{\"name\":\"https\",\"status\":\"mocked\"},{\"name\":\"net\",\"status\":\"mocked\"}]"}}
[debug] [2022-01-18T20:44:10.349Z] [runtime-status] [14176] Resolved module firebase-functions {"declared":true,"installed":true,"version":"3.16.0","resolution":"E:\\Ahmedabbas\\SCOUT\\amazon-clone\\functions\\node_modules\\firebase-functions\\lib\\index.js"} {"metadata":{"emulator":{"name":"functions"},"function":{"name":"us-central1-api"},"message":"[runtime-status] [14176] Resolved module firebase-functions {\"declared\":true,\"installed\":true,\"version\":\"3.16.0\",\"resolution\":\"E:\\\\Ahmedabbas\\\\SCOUT\\\\amazon-clone\\\\functions\\\\node_modules\\\\firebase-functions\\\\lib\\\\index.js\"}"}}
[debug] [2022-01-18T20:44:10.423Z] [runtime-status] [14176] Checked functions.config() {"config":{}} {"metadata":{"emulator":{"name":"functions"},"function":{"name":"us-central1-api"},"message":"[runtime-status] [14176] Checked functions.config() {\"config\":{}}"}}
[debug] [2022-01-18T20:44:10.423Z] [runtime-status] [14176] firebase-functions has been stubbed. {"functionsResolution":{"declared":true,"installed":true,"version":"3.16.0","resolution":"E:\\Ahmedabbas\\SCOUT\\amazon-clone\\functions\\node_modules\\firebase-functions\\lib\\index.js"}} {"metadata":{"emulator":{"name":"functions"},"function":{"name":"us-central1-api"},"message":"[runtime-status] [14176] firebase-functions has been stubbed. {\"functionsResolution\":{\"declared\":true,\"installed\":true,\"version\":\"3.16.0\",\"resolution\":\"E:\\\\Ahmedabbas\\\\SCOUT\\\\amazon-clone\\\\functions\\\\node_modules\\\\firebase-functions\\\\lib\\\\index.js\"}}"}}
[debug] [2022-01-18T20:44:10.425Z] [runtime-status] [14176] Resolved module firebase-functions {"declared":true,"installed":true,"version":"3.16.0","resolution":"E:\\Ahmedabbas\\SCOUT\\amazon-clone\\functions\\node_modules\\firebase-functions\\lib\\index.js"} {"metadata":{"emulator":{"name":"functions"},"function":{"name":"us-central1-api"},"message":"[runtime-status] [14176] Resolved module firebase-functions {\"declared\":true,\"installed\":true,\"version\":\"3.16.0\",\"resolution\":\"E:\\\\Ahmedabbas\\\\SCOUT\\\\amazon-clone\\\\functions\\\\node_modules\\\\firebase-functions\\\\lib\\\\index.js\"}"}}
[debug] [2022-01-18T20:44:10.428Z] [runtime-status] [14176] Resolved module firebase-admin {"declared":true,"installed":true,"version":"9.12.0","resolution":"E:\\Ahmedabbas\\SCOUT\\amazon-clone\\functions\\node_modules\\firebase-admin\\lib\\index.js"} {"metadata":{"emulator":{"name":"functions"},"function":{"name":"us-central1-api"},"message":"[runtime-status] [14176] Resolved module firebase-admin {\"declared\":true,\"installed\":true,\"version\":\"9.12.0\",\"resolution\":\"E:\\\\Ahmedabbas\\\\SCOUT\\\\amazon-clone\\\\functions\\\\node_modules\\\\firebase-admin\\\\lib\\\\index.js\"}"}}
[debug] [2022-01-18T20:44:10.430Z] [runtime-status] [14176] Resolved module firebase-functions {"declared":true,"installed":true,"version":"3.16.0","resolution":"E:\\Ahmedabbas\\SCOUT\\amazon-clone\\functions\\node_modules\\firebase-functions\\lib\\index.js"} {"metadata":{"emulator":{"name":"functions"},"function":{"name":"us-central1-api"},"message":"[runtime-status] [14176] Resolved module firebase-functions {\"declared\":true,\"installed\":true,\"version\":\"3.16.0\",\"resolution\":\"E:\\\\Ahmedabbas\\\\SCOUT\\\\amazon-clone\\\\functions\\\\node_modules\\\\firebase-functions\\\\lib\\\\index.js\"}"}}
[debug] [2022-01-18T20:44:10.431Z] [runtime-status] [14176] firebase-admin has been stubbed. {"adminResolution":{"declared":true,"installed":true,"version":"9.12.0","resolution":"E:\\Ahmedabbas\\SCOUT\\amazon-clone\\functions\\node_modules\\firebase-admin\\lib\\index.js"}} {"metadata":{"emulator":{"name":"functions"},"function":{"name":"us-central1-api"},"message":"[runtime-status] [14176] firebase-admin has been stubbed. {\"adminResolution\":{\"declared\":true,\"installed\":true,\"version\":\"9.12.0\",\"resolution\":\"E:\\\\Ahmedabbas\\\\SCOUT\\\\amazon-clone\\\\functions\\\\node_modules\\\\firebase-admin\\\\lib\\\\index.js\"}}"}}
[debug] [2022-01-18T20:44:10.690Z] [runtime-status] [14176] Trigger "us-central1-api" has been found, beginning invocation! {"metadata":{"emulator":{"name":"functions"},"function":{"name":"us-central1-api"},"message":"[runtime-status] [14176] Trigger \"us-central1-api\" has been found, beginning invocation!"}}
[info] i  functions: Beginning execution of "us-central1-api" {"metadata":{"emulator":{"name":"functions"},"function":{"name":"us-central1-api"},"message":"Beginning execution of \"us-central1-api\""}}
[debug] [2022-01-18T20:44:10.691Z] [runtime-status] [14176] triggerDefinition {"httpsTrigger":{},"name":"api","entryPoint":"api","regions":["us-central1"],"region":"us-central1","id":"us-central1-api","platform":"gcfv1"} {"metadata":{"emulator":{"name":"functions"},"function":{"name":"us-central1-api"},"message":"[runtime-status] [14176] triggerDefinition {\"httpsTrigger\":{},\"name\":\"api\",\"entryPoint\":\"api\",\"regions\":[\"us-central1\"],\"region\":\"us-central1\",\"id\":\"us-central1-api\",\"platform\":\"gcfv1\"}"}}
[debug] [2022-01-18T20:44:10.691Z] [runtime-status] [14176] Running us-central1-api in signature http {"metadata":{"emulator":{"name":"functions"},"function":{"name":"us-central1-api"},"message":"[runtime-status] [14176] Running us-central1-api in signature http"}}
[debug] [2022-01-18T20:44:10.695Z] [runtime-status] [14176] Attempting to listen to socketPath: \\?\pipe\E:\Ahmedabbas\SCOUT\amazon-clone\functions\14176 {"metadata":{"emulator":{"name":"functions"},"function":{"name":"us-central1-api"},"message":"[runtime-status] [14176] Attempting to listen to socketPath: \\\\?\\pipe\\E:\\Ahmedabbas\\SCOUT\\amazon-clone\\functions\\14176"}}
[debug] [2022-01-18T20:44:10.699Z] [functions] Runtime ready! Sending request! {"metadata":{"emulator":{"name":"functions"},"message":"[functions] Runtime ready! Sending request!"}}
[debug] [2022-01-18T20:44:10.699Z] [functions] Got req.url=/clone-a1afd/us-central1/api, mapping to path=/ {"metadata":{"emulator":{"name":"functions"},"message":"[functions] Got req.url=/clone-a1afd/us-central1/api, mapping to path=/"}}
[debug] [2022-01-18T20:44:10.706Z] [runtime-status] [14176] Ephemeral server handling GET request {"metadata":{"emulator":{"name":"functions"},"function":{"name":"us-central1-api"},"message":"[runtime-status] [14176] Ephemeral server handling GET request"}}
[debug] [2022-01-18T20:44:10.714Z] [runtime-status] [14176] Ephemeral server survived. {"metadata":{"emulator":{"name":"functions"},"function":{"name":"us-central1-api"},"message":"[runtime-status] [14176] Ephemeral server survived."}}
[info] i  functions: Finished "us-central1-api" in ~1s {"metadata":{"emulator":{"name":"functions"},"function":{"name":"us-central1-api"},"message":"Finished \"us-central1-api\" in ~1s"}}
[debug] [2022-01-18T20:44:10.719Z] [worker-us-central1-api-39bcee4d-83b8-4aa3-b893-72fd29269bc1]: IDLE {"metadata":{"emulator":{"name":"functions"},"message":"[worker-us-central1-api-39bcee4d-83b8-4aa3-b893-72fd29269bc1]: IDLE"}}
[debug] [2022-01-18T20:44:10.720Z] [work-queue] {"queueLength":0,"workRunningCount":0}
[debug] [2022-01-18T20:44:10.890Z] Functions emulator received unknown request at path /favicon.ico
[debug] [2022-01-18T20:50:05.053Z] File E:\Ahmedabbas\SCOUT\amazon-clone\functions\index.js changed, reloading triggers {"metadata":{"emulator":{"name":"functions"},"message":"File E:\\Ahmedabbas\\SCOUT\\amazon-clone\\functions\\index.js changed, reloading triggers"}}
[debug] [2022-01-18T20:50:06.058Z] [worker-pool] Shutting down IDLE worker (~diagnostic~) {"metadata":{"emulator":{"name":"functions"},"message":"[worker-pool] Shutting down IDLE worker (~diagnostic~)"}}
[debug] [2022-01-18T20:50:06.058Z] [worker-~diagnostic~-c15f9572-be68-4358-a6b8-bc7ba3c5a04e]: FINISHING {"metadata":{"emulator":{"name":"functions"},"message":"[worker-~diagnostic~-c15f9572-be68-4358-a6b8-bc7ba3c5a04e]: FINISHING"}}
[debug] [2022-01-18T20:50:06.059Z] [worker-pool] Shutting down IDLE worker (us-central1-api) {"metadata":{"emulator":{"name":"functions"},"message":"[worker-pool] Shutting down IDLE worker (us-central1-api)"}}
[debug] [2022-01-18T20:50:06.059Z] [worker-us-central1-api-39bcee4d-83b8-4aa3-b893-72fd29269bc1]: FINISHING {"metadata":{"emulator":{"name":"functions"},"message":"[worker-us-central1-api-39bcee4d-83b8-4aa3-b893-72fd29269bc1]: FINISHING"}}
[debug] [2022-01-18T20:50:06.074Z] [worker-pool] addWorker(~diagnostic~) {"metadata":{"emulator":{"name":"functions"},"message":"[worker-pool] addWorker(~diagnostic~)"}}
[debug] [2022-01-18T20:50:06.075Z] [worker-pool] Adding worker with key ~diagnostic~, total=2 {"metadata":{"emulator":{"name":"functions"},"message":"[worker-pool] Adding worker with key ~diagnostic~, total=2"}}
[debug] [2022-01-18T20:50:06.075Z] [worker-pool] submitWork(triggerId=) {"metadata":{"emulator":{"name":"functions"},"message":"[worker-pool] submitWork(triggerId=)"}}
[debug] [2022-01-18T20:50:06.076Z] [worker-~diagnostic~-d83b5b8a-cd58-4057-b012-3a3a066595d4]: Assigning socketPath: \\?\pipe\E:\Ahmedabbas\SCOUT\amazon-clone\functions\10228 {"metadata":{"emulator":{"name":"functions"},"message":"[worker-~diagnostic~-d83b5b8a-cd58-4057-b012-3a3a066595d4]: Assigning socketPath: \\\\?\\pipe\\E:\\Ahmedabbas\\SCOUT\\amazon-clone\\functions\\10228"}}
[debug] [2022-01-18T20:50:06.076Z] [worker-~diagnostic~-d83b5b8a-cd58-4057-b012-3a3a066595d4]: BUSY {"metadata":{"emulator":{"name":"functions"},"message":"[worker-~diagnostic~-d83b5b8a-cd58-4057-b012-3a3a066595d4]: BUSY"}}
[debug] [2022-01-18T20:50:06.079Z] [worker-~diagnostic~-c15f9572-be68-4358-a6b8-bc7ba3c5a04e]: exited {"metadata":{"emulator":{"name":"functions"},"message":"[worker-~diagnostic~-c15f9572-be68-4358-a6b8-bc7ba3c5a04e]: exited"}}
[debug] [2022-01-18T20:50:06.079Z] [worker-~diagnostic~-c15f9572-be68-4358-a6b8-bc7ba3c5a04e]: FINISHED {"metadata":{"emulator":{"name":"functions"},"message":"[worker-~diagnostic~-c15f9572-be68-4358-a6b8-bc7ba3c5a04e]: FINISHED"}}
[debug] [2022-01-18T20:50:06.080Z] [worker-us-central1-api-39bcee4d-83b8-4aa3-b893-72fd29269bc1]: exited {"metadata":{"emulator":{"name":"functions"},"message":"[worker-us-central1-api-39bcee4d-83b8-4aa3-b893-72fd29269bc1]: exited"}}
[debug] [2022-01-18T20:50:06.081Z] [worker-us-central1-api-39bcee4d-83b8-4aa3-b893-72fd29269bc1]: FINISHED {"metadata":{"emulator":{"name":"functions"},"message":"[worker-us-central1-api-39bcee4d-83b8-4aa3-b893-72fd29269bc1]: FINISHED"}}
[debug] [2022-01-18T20:50:06.764Z] [runtime-status] [10228] Functions runtime initialized. {"cwd":"E:\\Ahmedabbas\\SCOUT\\amazon-clone\\functions","node_version":"16.13.1"} {"metadata":{"emulator":{"name":"functions"},"message":"[runtime-status] [10228] Functions runtime initialized. {\"cwd\":\"E:\\\\Ahmedabbas\\\\SCOUT\\\\amazon-clone\\\\functions\",\"node_version\":\"16.13.1\"}"}}
[debug] [2022-01-18T20:50:06.769Z] [runtime-status] [10228] Disabled runtime features: undefined {"metadata":{"emulator":{"name":"functions"},"message":"[runtime-status] [10228] Disabled runtime features: undefined"}}
[debug] [2022-01-18T20:50:06.774Z] [runtime-status] [10228] Resolved module firebase-admin {"declared":true,"installed":true,"version":"9.12.0","resolution":"E:\\Ahmedabbas\\SCOUT\\amazon-clone\\functions\\node_modules\\firebase-admin\\lib\\index.js"} {"metadata":{"emulator":{"name":"functions"},"message":"[runtime-status] [10228] Resolved module firebase-admin {\"declared\":true,\"installed\":true,\"version\":\"9.12.0\",\"resolution\":\"E:\\\\Ahmedabbas\\\\SCOUT\\\\amazon-clone\\\\functions\\\\node_modules\\\\firebase-admin\\\\lib\\\\index.js\"}"}}
[debug] [2022-01-18T20:50:06.784Z] [runtime-status] [10228] Resolved module firebase-functions {"declared":true,"installed":true,"version":"3.16.0","resolution":"E:\\Ahmedabbas\\SCOUT\\amazon-clone\\functions\\node_modules\\firebase-functions\\lib\\index.js"} {"metadata":{"emulator":{"name":"functions"},"message":"[runtime-status] [10228] Resolved module firebase-functions {\"declared\":true,\"installed\":true,\"version\":\"3.16.0\",\"resolution\":\"E:\\\\Ahmedabbas\\\\SCOUT\\\\amazon-clone\\\\functions\\\\node_modules\\\\firebase-functions\\\\lib\\\\index.js\"}"}}
[debug] [2022-01-18T20:50:06.788Z] [runtime-status] [10228] Outgoing network have been stubbed. [{"name":"http","status":"mocked"},{"name":"http","status":"mocked"},{"name":"https","status":"mocked"},{"name":"https","status":"mocked"},{"name":"net","status":"mocked"}] {"metadata":{"emulator":{"name":"functions"},"message":"[runtime-status] [10228] Outgoing network have been stubbed. [{\"name\":\"http\",\"status\":\"mocked\"},{\"name\":\"http\",\"status\":\"mocked\"},{\"name\":\"https\",\"status\":\"mocked\"},{\"name\":\"https\",\"status\":\"mocked\"},{\"name\":\"net\",\"status\":\"mocked\"}]"}}
[debug] [2022-01-18T20:50:06.790Z] [runtime-status] [10228] Resolved module firebase-functions {"declared":true,"installed":true,"version":"3.16.0","resolution":"E:\\Ahmedabbas\\SCOUT\\amazon-clone\\functions\\node_modules\\firebase-functions\\lib\\index.js"} {"metadata":{"emulator":{"name":"functions"},"message":"[runtime-status] [10228] Resolved module firebase-functions {\"declared\":true,\"installed\":true,\"version\":\"3.16.0\",\"resolution\":\"E:\\\\Ahmedabbas\\\\SCOUT\\\\amazon-clone\\\\functions\\\\node_modules\\\\firebase-functions\\\\lib\\\\index.js\"}"}}
[debug] [2022-01-18T20:50:06.900Z] [runtime-status] [10228] Checked functions.config() {"config":{}} {"metadata":{"emulator":{"name":"functions"},"message":"[runtime-status] [10228] Checked functions.config() {\"config\":{}}"}}
[debug] [2022-01-18T20:50:06.900Z] [runtime-status] [10228] firebase-functions has been stubbed. {"functionsResolution":{"declared":true,"installed":true,"version":"3.16.0","resolution":"E:\\Ahmedabbas\\SCOUT\\amazon-clone\\functions\\node_modules\\firebase-functions\\lib\\index.js"}} {"metadata":{"emulator":{"name":"functions"},"message":"[runtime-status] [10228] firebase-functions has been stubbed. {\"functionsResolution\":{\"declared\":true,\"installed\":true,\"version\":\"3.16.0\",\"resolution\":\"E:\\\\Ahmedabbas\\\\SCOUT\\\\amazon-clone\\\\functions\\\\node_modules\\\\firebase-functions\\\\lib\\\\index.js\"}}"}}
[debug] [2022-01-18T20:50:06.902Z] [runtime-status] [10228] Resolved module firebase-functions {"declared":true,"installed":true,"version":"3.16.0","resolution":"E:\\Ahmedabbas\\SCOUT\\amazon-clone\\functions\\node_modules\\firebase-functions\\lib\\index.js"} {"metadata":{"emulator":{"name":"functions"},"message":"[runtime-status] [10228] Resolved module firebase-functions {\"declared\":true,\"installed\":true,\"version\":\"3.16.0\",\"resolution\":\"E:\\\\Ahmedabbas\\\\SCOUT\\\\amazon-clone\\\\functions\\\\node_modules\\\\firebase-functions\\\\lib\\\\index.js\"}"}}
[debug] [2022-01-18T20:50:06.905Z] [runtime-status] [10228] Resolved module firebase-admin {"declared":true,"installed":true,"version":"9.12.0","resolution":"E:\\Ahmedabbas\\SCOUT\\amazon-clone\\functions\\node_modules\\firebase-admin\\lib\\index.js"} {"metadata":{"emulator":{"name":"functions"},"message":"[runtime-status] [10228] Resolved module firebase-admin {\"declared\":true,\"installed\":true,\"version\":\"9.12.0\",\"resolution\":\"E:\\\\Ahmedabbas\\\\SCOUT\\\\amazon-clone\\\\functions\\\\node_modules\\\\firebase-admin\\\\lib\\\\index.js\"}"}}
[debug] [2022-01-18T20:50:06.906Z] [runtime-status] [10228] Resolved module firebase-functions {"declared":true,"installed":true,"version":"3.16.0","resolution":"E:\\Ahmedabbas\\SCOUT\\amazon-clone\\functions\\node_modules\\firebase-functions\\lib\\index.js"} {"metadata":{"emulator":{"name":"functions"},"message":"[runtime-status] [10228] Resolved module firebase-functions {\"declared\":true,\"installed\":true,\"version\":\"3.16.0\",\"resolution\":\"E:\\\\Ahmedabbas\\\\SCOUT\\\\amazon-clone\\\\functions\\\\node_modules\\\\firebase-functions\\\\lib\\\\index.js\"}"}}
[debug] [2022-01-18T20:50:06.906Z] [runtime-status] [10228] firebase-admin has been stubbed. {"adminResolution":{"declared":true,"installed":true,"version":"9.12.0","resolution":"E:\\Ahmedabbas\\SCOUT\\amazon-clone\\functions\\node_modules\\firebase-admin\\lib\\index.js"}} {"metadata":{"emulator":{"name":"functions"},"message":"[runtime-status] [10228] firebase-admin has been stubbed. {\"adminResolution\":{\"declared\":true,\"installed\":true,\"version\":\"9.12.0\",\"resolution\":\"E:\\\\Ahmedabbas\\\\SCOUT\\\\amazon-clone\\\\functions\\\\node_modules\\\\firebase-admin\\\\lib\\\\index.js\"}}"}}
[debug] [2022-01-18T20:50:07.177Z] [worker-~diagnostic~-d83b5b8a-cd58-4057-b012-3a3a066595d4]: IDLE {"metadata":{"emulator":{"name":"functions"},"message":"[worker-~diagnostic~-d83b5b8a-cd58-4057-b012-3a3a066595d4]: IDLE"}}
[debug] [2022-01-18T20:54:30.381Z] File E:\Ahmedabbas\SCOUT\amazon-clone\functions\index.js changed, reloading triggers {"metadata":{"emulator":{"name":"functions"},"message":"File E:\\Ahmedabbas\\SCOUT\\amazon-clone\\functions\\index.js changed, reloading triggers"}}
[debug] [2022-01-18T20:54:31.382Z] [worker-pool] Shutting down IDLE worker (~diagnostic~) {"metadata":{"emulator":{"name":"functions"},"message":"[worker-pool] Shutting down IDLE worker (~diagnostic~)"}}
[debug] [2022-01-18T20:54:31.383Z] [worker-~diagnostic~-d83b5b8a-cd58-4057-b012-3a3a066595d4]: FINISHING {"metadata":{"emulator":{"name":"functions"},"message":"[worker-~diagnostic~-d83b5b8a-cd58-4057-b012-3a3a066595d4]: FINISHING"}}
[debug] [2022-01-18T20:54:31.384Z] [worker-pool] Cleaned up workers for ~diagnostic~: 2 --> 1 {"metadata":{"emulator":{"name":"functions"},"message":"[worker-pool] Cleaned up workers for ~diagnostic~: 2 --> 1"}}
[debug] [2022-01-18T20:54:31.385Z] [worker-pool] Cleaned up workers for us-central1-api: 1 --> 0 {"metadata":{"emulator":{"name":"functions"},"message":"[worker-pool] Cleaned up workers for us-central1-api: 1 --> 0"}}
[debug] [2022-01-18T20:54:31.401Z] [worker-pool] addWorker(~diagnostic~) {"metadata":{"emulator":{"name":"functions"},"message":"[worker-pool] addWorker(~diagnostic~)"}}
[debug] [2022-01-18T20:54:31.402Z] [worker-pool] Adding worker with key ~diagnostic~, total=2 {"metadata":{"emulator":{"name":"functions"},"message":"[worker-pool] Adding worker with key ~diagnostic~, total=2"}}
[debug] [2022-01-18T20:54:31.402Z] [worker-pool] submitWork(triggerId=) {"metadata":{"emulator":{"name":"functions"},"message":"[worker-pool] submitWork(triggerId=)"}}
[debug] [2022-01-18T20:54:31.404Z] [worker-~diagnostic~-63f3ee4e-86df-4ee4-9e0a-9571b5d2a211]: Assigning socketPath: \\?\pipe\E:\Ahmedabbas\SCOUT\amazon-clone\functions\6404 {"metadata":{"emulator":{"name":"functions"},"message":"[worker-~diagnostic~-63f3ee4e-86df-4ee4-9e0a-9571b5d2a211]: Assigning socketPath: \\\\?\\pipe\\E:\\Ahmedabbas\\SCOUT\\amazon-clone\\functions\\6404"}}
[debug] [2022-01-18T20:54:31.404Z] [worker-~diagnostic~-63f3ee4e-86df-4ee4-9e0a-9571b5d2a211]: BUSY {"metadata":{"emulator":{"name":"functions"},"message":"[worker-~diagnostic~-63f3ee4e-86df-4ee4-9e0a-9571b5d2a211]: BUSY"}}
[debug] [2022-01-18T20:54:31.406Z] [worker-~diagnostic~-d83b5b8a-cd58-4057-b012-3a3a066595d4]: exited {"metadata":{"emulator":{"name":"functions"},"message":"[worker-~diagnostic~-d83b5b8a-cd58-4057-b012-3a3a066595d4]: exited"}}
[debug] [2022-01-18T20:54:31.407Z] [worker-~diagnostic~-d83b5b8a-cd58-4057-b012-3a3a066595d4]: FINISHED {"metadata":{"emulator":{"name":"functions"},"message":"[worker-~diagnostic~-d83b5b8a-cd58-4057-b012-3a3a066595d4]: FINISHED"}}
[debug] [2022-01-18T20:54:32.242Z] [runtime-status] [6404] Functions runtime initialized. {"cwd":"E:\\Ahmedabbas\\SCOUT\\amazon-clone\\functions","node_version":"16.13.1"} {"metadata":{"emulator":{"name":"functions"},"message":"[runtime-status] [6404] Functions runtime initialized. {\"cwd\":\"E:\\\\Ahmedabbas\\\\SCOUT\\\\amazon-clone\\\\functions\",\"node_version\":\"16.13.1\"}"}}
[debug] [2022-01-18T20:54:32.245Z] [runtime-status] [6404] Disabled runtime features: undefined {"metadata":{"emulator":{"name":"functions"},"message":"[runtime-status] [6404] Disabled runtime features: undefined"}}
[debug] [2022-01-18T20:54:32.252Z] [runtime-status] [6404] Resolved module firebase-admin {"declared":true,"installed":true,"version":"9.12.0","resolution":"E:\\Ahmedabbas\\SCOUT\\amazon-clone\\functions\\node_modules\\firebase-admin\\lib\\index.js"} {"metadata":{"emulator":{"name":"functions"},"message":"[runtime-status] [6404] Resolved module firebase-admin {\"declared\":true,\"installed\":true,\"version\":\"9.12.0\",\"resolution\":\"E:\\\\Ahmedabbas\\\\SCOUT\\\\amazon-clone\\\\functions\\\\node_modules\\\\firebase-admin\\\\lib\\\\index.js\"}"}}
[debug] [2022-01-18T20:54:32.260Z] [runtime-status] [6404] Resolved module firebase-functions {"declared":true,"installed":true,"version":"3.16.0","resolution":"E:\\Ahmedabbas\\SCOUT\\amazon-clone\\functions\\node_modules\\firebase-functions\\lib\\index.js"} {"metadata":{"emulator":{"name":"functions"},"message":"[runtime-status] [6404] Resolved module firebase-functions {\"declared\":true,\"installed\":true,\"version\":\"3.16.0\",\"resolution\":\"E:\\\\Ahmedabbas\\\\SCOUT\\\\amazon-clone\\\\functions\\\\node_modules\\\\firebase-functions\\\\lib\\\\index.js\"}"}}
[debug] [2022-01-18T20:54:32.265Z] [runtime-status] [6404] Outgoing network have been stubbed. [{"name":"http","status":"mocked"},{"name":"http","status":"mocked"},{"name":"https","status":"mocked"},{"name":"https","status":"mocked"},{"name":"net","status":"mocked"}] {"metadata":{"emulator":{"name":"functions"},"message":"[runtime-status] [6404] Outgoing network have been stubbed. [{\"name\":\"http\",\"status\":\"mocked\"},{\"name\":\"http\",\"status\":\"mocked\"},{\"name\":\"https\",\"status\":\"mocked\"},{\"name\":\"https\",\"status\":\"mocked\"},{\"name\":\"net\",\"status\":\"mocked\"}]"}}
[debug] [2022-01-18T20:54:32.268Z] [runtime-status] [6404] Resolved module firebase-functions {"declared":true,"installed":true,"version":"3.16.0","resolution":"E:\\Ahmedabbas\\SCOUT\\amazon-clone\\functions\\node_modules\\firebase-functions\\lib\\index.js"} {"metadata":{"emulator":{"name":"functions"},"message":"[runtime-status] [6404] Resolved module firebase-functions {\"declared\":true,\"installed\":true,\"version\":\"3.16.0\",\"resolution\":\"E:\\\\Ahmedabbas\\\\SCOUT\\\\amazon-clone\\\\functions\\\\node_modules\\\\firebase-functions\\\\lib\\\\index.js\"}"}}
[debug] [2022-01-18T20:54:32.383Z] [runtime-status] [6404] Checked functions.config() {"config":{}} {"metadata":{"emulator":{"name":"functions"},"message":"[runtime-status] [6404] Checked functions.config() {\"config\":{}}"}}
[debug] [2022-01-18T20:54:32.384Z] [runtime-status] [6404] firebase-functions has been stubbed. {"functionsResolution":{"declared":true,"installed":true,"version":"3.16.0","resolution":"E:\\Ahmedabbas\\SCOUT\\amazon-clone\\functions\\node_modules\\firebase-functions\\lib\\index.js"}} {"metadata":{"emulator":{"name":"functions"},"message":"[runtime-status] [6404] firebase-functions has been stubbed. {\"functionsResolution\":{\"declared\":true,\"installed\":true,\"version\":\"3.16.0\",\"resolution\":\"E:\\\\Ahmedabbas\\\\SCOUT\\\\amazon-clone\\\\functions\\\\node_modules\\\\firebase-functions\\\\lib\\\\index.js\"}}"}}
[debug] [2022-01-18T20:54:32.386Z] [runtime-status] [6404] Resolved module firebase-functions {"declared":true,"installed":true,"version":"3.16.0","resolution":"E:\\Ahmedabbas\\SCOUT\\amazon-clone\\functions\\node_modules\\firebase-functions\\lib\\index.js"} {"metadata":{"emulator":{"name":"functions"},"message":"[runtime-status] [6404] Resolved module firebase-functions {\"declared\":true,\"installed\":true,\"version\":\"3.16.0\",\"resolution\":\"E:\\\\Ahmedabbas\\\\SCOUT\\\\amazon-clone\\\\functions\\\\node_modules\\\\firebase-functions\\\\lib\\\\index.js\"}"}}
[debug] [2022-01-18T20:54:32.390Z] [runtime-status] [6404] Resolved module firebase-admin {"declared":true,"installed":true,"version":"9.12.0","resolution":"E:\\Ahmedabbas\\SCOUT\\amazon-clone\\functions\\node_modules\\firebase-admin\\lib\\index.js"} {"metadata":{"emulator":{"name":"functions"},"message":"[runtime-status] [6404] Resolved module firebase-admin {\"declared\":true,\"installed\":true,\"version\":\"9.12.0\",\"resolution\":\"E:\\\\Ahmedabbas\\\\SCOUT\\\\amazon-clone\\\\functions\\\\node_modules\\\\firebase-admin\\\\lib\\\\index.js\"}"}}
[debug] [2022-01-18T20:54:32.392Z] [runtime-status] [6404] Resolved module firebase-functions {"declared":true,"installed":true,"version":"3.16.0","resolution":"E:\\Ahmedabbas\\SCOUT\\amazon-clone\\functions\\node_modules\\firebase-functions\\lib\\index.js"} {"metadata":{"emulator":{"name":"functions"},"message":"[runtime-status] [6404] Resolved module firebase-functions {\"declared\":true,\"installed\":true,\"version\":\"3.16.0\",\"resolution\":\"E:\\\\Ahmedabbas\\\\SCOUT\\\\amazon-clone\\\\functions\\\\node_modules\\\\firebase-functions\\\\lib\\\\index.js\"}"}}
[debug] [2022-01-18T20:54:32.393Z] [runtime-status] [6404] firebase-admin has been stubbed. {"adminResolution":{"declared":true,"installed":true,"version":"9.12.0","resolution":"E:\\Ahmedabbas\\SCOUT\\amazon-clone\\functions\\node_modules\\firebase-admin\\lib\\index.js"}} {"metadata":{"emulator":{"name":"functions"},"message":"[runtime-status] [6404] firebase-admin has been stubbed. {\"adminResolution\":{\"declared\":true,\"installed\":true,\"version\":\"9.12.0\",\"resolution\":\"E:\\\\Ahmedabbas\\\\SCOUT\\\\amazon-clone\\\\functions\\\\node_modules\\\\firebase-admin\\\\lib\\\\index.js\"}}"}}
[debug] [2022-01-18T20:54:32.591Z] [worker-~diagnostic~-63f3ee4e-86df-4ee4-9e0a-9571b5d2a211]: IDLE {"metadata":{"emulator":{"name":"functions"},"message":"[worker-~diagnostic~-63f3ee4e-86df-4ee4-9e0a-9571b5d2a211]: IDLE"}}
[debug] [2022-01-18T20:56:06.920Z] File E:\Ahmedabbas\SCOUT\amazon-clone\functions\index.js changed, reloading triggers {"metadata":{"emulator":{"name":"functions"},"message":"File E:\\Ahmedabbas\\SCOUT\\amazon-clone\\functions\\index.js changed, reloading triggers"}}
[debug] [2022-01-18T20:56:07.934Z] [worker-pool] Shutting down IDLE worker (~diagnostic~) {"metadata":{"emulator":{"name":"functions"},"message":"[worker-pool] Shutting down IDLE worker (~diagnostic~)"}}
[debug] [2022-01-18T20:56:07.935Z] [worker-~diagnostic~-63f3ee4e-86df-4ee4-9e0a-9571b5d2a211]: FINISHING {"metadata":{"emulator":{"name":"functions"},"message":"[worker-~diagnostic~-63f3ee4e-86df-4ee4-9e0a-9571b5d2a211]: FINISHING"}}
[debug] [2022-01-18T20:56:07.936Z] [worker-pool] Cleaned up workers for ~diagnostic~: 2 --> 1 {"metadata":{"emulator":{"name":"functions"},"message":"[worker-pool] Cleaned up workers for ~diagnostic~: 2 --> 1"}}
[debug] [2022-01-18T20:56:07.955Z] [worker-pool] addWorker(~diagnostic~) {"metadata":{"emulator":{"name":"functions"},"message":"[worker-pool] addWorker(~diagnostic~)"}}
[debug] [2022-01-18T20:56:07.955Z] [worker-pool] Adding worker with key ~diagnostic~, total=2 {"metadata":{"emulator":{"name":"functions"},"message":"[worker-pool] Adding worker with key ~diagnostic~, total=2"}}
[debug] [2022-01-18T20:56:07.955Z] [worker-pool] submitWork(triggerId=) {"metadata":{"emulator":{"name":"functions"},"message":"[worker-pool] submitWork(triggerId=)"}}
[debug] [2022-01-18T20:56:07.956Z] [worker-~diagnostic~-d3f6845f-e92a-4ef4-9ff4-f8c7182fabc3]: Assigning socketPath: \\?\pipe\E:\Ahmedabbas\SCOUT\amazon-clone\functions\2480 {"metadata":{"emulator":{"name":"functions"},"message":"[worker-~diagnostic~-d3f6845f-e92a-4ef4-9ff4-f8c7182fabc3]: Assigning socketPath: \\\\?\\pipe\\E:\\Ahmedabbas\\SCOUT\\amazon-clone\\functions\\2480"}}
[debug] [2022-01-18T20:56:07.956Z] [worker-~diagnostic~-d3f6845f-e92a-4ef4-9ff4-f8c7182fabc3]: BUSY {"metadata":{"emulator":{"name":"functions"},"message":"[worker-~diagnostic~-d3f6845f-e92a-4ef4-9ff4-f8c7182fabc3]: BUSY"}}
[debug] [2022-01-18T20:56:07.958Z] [worker-~diagnostic~-63f3ee4e-86df-4ee4-9e0a-9571b5d2a211]: exited {"metadata":{"emulator":{"name":"functions"},"message":"[worker-~diagnostic~-63f3ee4e-86df-4ee4-9e0a-9571b5d2a211]: exited"}}
[debug] [2022-01-18T20:56:07.959Z] [worker-~diagnostic~-63f3ee4e-86df-4ee4-9e0a-9571b5d2a211]: FINISHED {"metadata":{"emulator":{"name":"functions"},"message":"[worker-~diagnostic~-63f3ee4e-86df-4ee4-9e0a-9571b5d2a211]: FINISHED"}}
[debug] [2022-01-18T20:56:08.550Z] [runtime-status] [2480] Functions runtime initialized. {"cwd":"E:\\Ahmedabbas\\SCOUT\\amazon-clone\\functions","node_version":"16.13.1"} {"metadata":{"emulator":{"name":"functions"},"message":"[runtime-status] [2480] Functions runtime initialized. {\"cwd\":\"E:\\\\Ahmedabbas\\\\SCOUT\\\\amazon-clone\\\\functions\",\"node_version\":\"16.13.1\"}"}}
[debug] [2022-01-18T20:56:08.553Z] [runtime-status] [2480] Disabled runtime features: undefined {"metadata":{"emulator":{"name":"functions"},"message":"[runtime-status] [2480] Disabled runtime features: undefined"}}
[debug] [2022-01-18T20:56:08.558Z] [runtime-status] [2480] Resolved module firebase-admin {"declared":true,"installed":true,"version":"9.12.0","resolution":"E:\\Ahmedabbas\\SCOUT\\amazon-clone\\functions\\node_modules\\firebase-admin\\lib\\index.js"} {"metadata":{"emulator":{"name":"functions"},"message":"[runtime-status] [2480] Resolved module firebase-admin {\"declared\":true,\"installed\":true,\"version\":\"9.12.0\",\"resolution\":\"E:\\\\Ahmedabbas\\\\SCOUT\\\\amazon-clone\\\\functions\\\\node_modules\\\\firebase-admin\\\\lib\\\\index.js\"}"}}
[debug] [2022-01-18T20:56:08.564Z] [runtime-status] [2480] Resolved module firebase-functions {"declared":true,"installed":true,"version":"3.16.0","resolution":"E:\\Ahmedabbas\\SCOUT\\amazon-clone\\functions\\node_modules\\firebase-functions\\lib\\index.js"} {"metadata":{"emulator":{"name":"functions"},"message":"[runtime-status] [2480] Resolved module firebase-functions {\"declared\":true,\"installed\":true,\"version\":\"3.16.0\",\"resolution\":\"E:\\\\Ahmedabbas\\\\SCOUT\\\\amazon-clone\\\\functions\\\\node_modules\\\\firebase-functions\\\\lib\\\\index.js\"}"}}
[debug] [2022-01-18T20:56:08.568Z] [runtime-status] [2480] Outgoing network have been stubbed. [{"name":"http","status":"mocked"},{"name":"http","status":"mocked"},{"name":"https","status":"mocked"},{"name":"https","status":"mocked"},{"name":"net","status":"mocked"}] {"metadata":{"emulator":{"name":"functions"},"message":"[runtime-status] [2480] Outgoing network have been stubbed. [{\"name\":\"http\",\"status\":\"mocked\"},{\"name\":\"http\",\"status\":\"mocked\"},{\"name\":\"https\",\"status\":\"mocked\"},{\"name\":\"https\",\"status\":\"mocked\"},{\"name\":\"net\",\"status\":\"mocked\"}]"}}
[debug] [2022-01-18T20:56:08.570Z] [runtime-status] [2480] Resolved module firebase-functions {"declared":true,"installed":true,"version":"3.16.0","resolution":"E:\\Ahmedabbas\\SCOUT\\amazon-clone\\functions\\node_modules\\firebase-functions\\lib\\index.js"} {"metadata":{"emulator":{"name":"functions"},"message":"[runtime-status] [2480] Resolved module firebase-functions {\"declared\":true,\"installed\":true,\"version\":\"3.16.0\",\"resolution\":\"E:\\\\Ahmedabbas\\\\SCOUT\\\\amazon-clone\\\\functions\\\\node_modules\\\\firebase-functions\\\\lib\\\\index.js\"}"}}
[debug] [2022-01-18T20:56:08.681Z] [runtime-status] [2480] Checked functions.config() {"config":{}} {"metadata":{"emulator":{"name":"functions"},"message":"[runtime-status] [2480] Checked functions.config() {\"config\":{}}"}}
[debug] [2022-01-18T20:56:08.681Z] [runtime-status] [2480] firebase-functions has been stubbed. {"functionsResolution":{"declared":true,"installed":true,"version":"3.16.0","resolution":"E:\\Ahmedabbas\\SCOUT\\amazon-clone\\functions\\node_modules\\firebase-functions\\lib\\index.js"}} {"metadata":{"emulator":{"name":"functions"},"message":"[runtime-status] [2480] firebase-functions has been stubbed. {\"functionsResolution\":{\"declared\":true,\"installed\":true,\"version\":\"3.16.0\",\"resolution\":\"E:\\\\Ahmedabbas\\\\SCOUT\\\\amazon-clone\\\\functions\\\\node_modules\\\\firebase-functions\\\\lib\\\\index.js\"}}"}}
[debug] [2022-01-18T20:56:08.683Z] [runtime-status] [2480] Resolved module firebase-functions {"declared":true,"installed":true,"version":"3.16.0","resolution":"E:\\Ahmedabbas\\SCOUT\\amazon-clone\\functions\\node_modules\\firebase-functions\\lib\\index.js"} {"metadata":{"emulator":{"name":"functions"},"message":"[runtime-status] [2480] Resolved module firebase-functions {\"declared\":true,\"installed\":true,\"version\":\"3.16.0\",\"resolution\":\"E:\\\\Ahmedabbas\\\\SCOUT\\\\amazon-clone\\\\functions\\\\node_modules\\\\firebase-functions\\\\lib\\\\index.js\"}"}}
[debug] [2022-01-18T20:56:08.686Z] [runtime-status] [2480] Resolved module firebase-admin {"declared":true,"installed":true,"version":"9.12.0","resolution":"E:\\Ahmedabbas\\SCOUT\\amazon-clone\\functions\\node_modules\\firebase-admin\\lib\\index.js"} {"metadata":{"emulator":{"name":"functions"},"message":"[runtime-status] [2480] Resolved module firebase-admin {\"declared\":true,\"installed\":true,\"version\":\"9.12.0\",\"resolution\":\"E:\\\\Ahmedabbas\\\\SCOUT\\\\amazon-clone\\\\functions\\\\node_modules\\\\firebase-admin\\\\lib\\\\index.js\"}"}}
[debug] [2022-01-18T20:56:08.688Z] [runtime-status] [2480] Resolved module firebase-functions {"declared":true,"installed":true,"version":"3.16.0","resolution":"E:\\Ahmedabbas\\SCOUT\\amazon-clone\\functions\\node_modules\\firebase-functions\\lib\\index.js"} {"metadata":{"emulator":{"name":"functions"},"message":"[runtime-status] [2480] Resolved module firebase-functions {\"declared\":true,\"installed\":true,\"version\":\"3.16.0\",\"resolution\":\"E:\\\\Ahmedabbas\\\\SCOUT\\\\amazon-clone\\\\functions\\\\node_modules\\\\firebase-functions\\\\lib\\\\index.js\"}"}}
[debug] [2022-01-18T20:56:08.688Z] [runtime-status] [2480] firebase-admin has been stubbed. {"adminResolution":{"declared":true,"installed":true,"version":"9.12.0","resolution":"E:\\Ahmedabbas\\SCOUT\\amazon-clone\\functions\\node_modules\\firebase-admin\\lib\\index.js"}} {"metadata":{"emulator":{"name":"functions"},"message":"[runtime-status] [2480] firebase-admin has been stubbed. {\"adminResolution\":{\"declared\":true,\"installed\":true,\"version\":\"9.12.0\",\"resolution\":\"E:\\\\Ahmedabbas\\\\SCOUT\\\\amazon-clone\\\\functions\\\\node_modules\\\\firebase-admin\\\\lib\\\\index.js\"}}"}}
[debug] [2022-01-18T20:56:09.013Z] [worker-~diagnostic~-d3f6845f-e92a-4ef4-9ff4-f8c7182fabc3]: IDLE {"metadata":{"emulator":{"name":"functions"},"message":"[worker-~diagnostic~-d3f6845f-e92a-4ef4-9ff4-f8c7182fabc3]: IDLE"}}
[debug] [2022-01-18T20:56:20.757Z] File E:\Ahmedabbas\SCOUT\amazon-clone\functions\index.js changed, reloading triggers {"metadata":{"emulator":{"name":"functions"},"message":"File E:\\Ahmedabbas\\SCOUT\\amazon-clone\\functions\\index.js changed, reloading triggers"}}
[debug] [2022-01-18T20:56:21.768Z] [worker-pool] Shutting down IDLE worker (~diagnostic~) {"metadata":{"emulator":{"name":"functions"},"message":"[worker-pool] Shutting down IDLE worker (~diagnostic~)"}}
[debug] [2022-01-18T20:56:21.769Z] [worker-~diagnostic~-d3f6845f-e92a-4ef4-9ff4-f8c7182fabc3]: FINISHING {"metadata":{"emulator":{"name":"functions"},"message":"[worker-~diagnostic~-d3f6845f-e92a-4ef4-9ff4-f8c7182fabc3]: FINISHING"}}
[debug] [2022-01-18T20:56:21.770Z] [worker-pool] Cleaned up workers for ~diagnostic~: 2 --> 1 {"metadata":{"emulator":{"name":"functions"},"message":"[worker-pool] Cleaned up workers for ~diagnostic~: 2 --> 1"}}
[debug] [2022-01-18T20:56:21.788Z] [worker-pool] addWorker(~diagnostic~) {"metadata":{"emulator":{"name":"functions"},"message":"[worker-pool] addWorker(~diagnostic~)"}}
[debug] [2022-01-18T20:56:21.788Z] [worker-pool] Adding worker with key ~diagnostic~, total=2 {"metadata":{"emulator":{"name":"functions"},"message":"[worker-pool] Adding worker with key ~diagnostic~, total=2"}}
[debug] [2022-01-18T20:56:21.789Z] [worker-pool] submitWork(triggerId=) {"metadata":{"emulator":{"name":"functions"},"message":"[worker-pool] submitWork(triggerId=)"}}
[debug] [2022-01-18T20:56:21.790Z] [worker-~diagnostic~-2c6b2a8e-ad8d-4aab-872b-457bfb2d7910]: Assigning socketPath: \\?\pipe\E:\Ahmedabbas\SCOUT\amazon-clone\functions\14560 {"metadata":{"emulator":{"name":"functions"},"message":"[worker-~diagnostic~-2c6b2a8e-ad8d-4aab-872b-457bfb2d7910]: Assigning socketPath: \\\\?\\pipe\\E:\\Ahmedabbas\\SCOUT\\amazon-clone\\functions\\14560"}}
[debug] [2022-01-18T20:56:21.791Z] [worker-~diagnostic~-2c6b2a8e-ad8d-4aab-872b-457bfb2d7910]: BUSY {"metadata":{"emulator":{"name":"functions"},"message":"[worker-~diagnostic~-2c6b2a8e-ad8d-4aab-872b-457bfb2d7910]: BUSY"}}
[debug] [2022-01-18T20:56:21.794Z] [worker-~diagnostic~-d3f6845f-e92a-4ef4-9ff4-f8c7182fabc3]: exited {"metadata":{"emulator":{"name":"functions"},"message":"[worker-~diagnostic~-d3f6845f-e92a-4ef4-9ff4-f8c7182fabc3]: exited"}}
[debug] [2022-01-18T20:56:21.794Z] [worker-~diagnostic~-d3f6845f-e92a-4ef4-9ff4-f8c7182fabc3]: FINISHED {"metadata":{"emulator":{"name":"functions"},"message":"[worker-~diagnostic~-d3f6845f-e92a-4ef4-9ff4-f8c7182fabc3]: FINISHED"}}
[debug] [2022-01-18T20:56:22.626Z] [runtime-status] [14560] Functions runtime initialized. {"cwd":"E:\\Ahmedabbas\\SCOUT\\amazon-clone\\functions","node_version":"16.13.1"} {"metadata":{"emulator":{"name":"functions"},"message":"[runtime-status] [14560] Functions runtime initialized. {\"cwd\":\"E:\\\\Ahmedabbas\\\\SCOUT\\\\amazon-clone\\\\functions\",\"node_version\":\"16.13.1\"}"}}
[debug] [2022-01-18T20:56:22.628Z] [runtime-status] [14560] Disabled runtime features: undefined {"metadata":{"emulator":{"name":"functions"},"message":"[runtime-status] [14560] Disabled runtime features: undefined"}}
[debug] [2022-01-18T20:56:22.632Z] [runtime-status] [14560] Resolved module firebase-admin {"declared":true,"installed":true,"version":"9.12.0","resolution":"E:\\Ahmedabbas\\SCOUT\\amazon-clone\\functions\\node_modules\\firebase-admin\\lib\\index.js"} {"metadata":{"emulator":{"name":"functions"},"message":"[runtime-status] [14560] Resolved module firebase-admin {\"declared\":true,\"installed\":true,\"version\":\"9.12.0\",\"resolution\":\"E:\\\\Ahmedabbas\\\\SCOUT\\\\amazon-clone\\\\functions\\\\node_modules\\\\firebase-admin\\\\lib\\\\index.js\"}"}}
[debug] [2022-01-18T20:56:22.637Z] [runtime-status] [14560] Resolved module firebase-functions {"declared":true,"installed":true,"version":"3.16.0","resolution":"E:\\Ahmedabbas\\SCOUT\\amazon-clone\\functions\\node_modules\\firebase-functions\\lib\\index.js"} {"metadata":{"emulator":{"name":"functions"},"message":"[runtime-status] [14560] Resolved module firebase-functions {\"declared\":true,\"installed\":true,\"version\":\"3.16.0\",\"resolution\":\"E:\\\\Ahmedabbas\\\\SCOUT\\\\amazon-clone\\\\functions\\\\node_modules\\\\firebase-functions\\\\lib\\\\index.js\"}"}}
[debug] [2022-01-18T20:56:22.641Z] [runtime-status] [14560] Outgoing network have been stubbed. [{"name":"http","status":"mocked"},{"name":"http","status":"mocked"},{"name":"https","status":"mocked"},{"name":"https","status":"mocked"},{"name":"net","status":"mocked"}] {"metadata":{"emulator":{"name":"functions"},"message":"[runtime-status] [14560] Outgoing network have been stubbed. [{\"name\":\"http\",\"status\":\"mocked\"},{\"name\":\"http\",\"status\":\"mocked\"},{\"name\":\"https\",\"status\":\"mocked\"},{\"name\":\"https\",\"status\":\"mocked\"},{\"name\":\"net\",\"status\":\"mocked\"}]"}}
[debug] [2022-01-18T20:56:22.643Z] [runtime-status] [14560] Resolved module firebase-functions {"declared":true,"installed":true,"version":"3.16.0","resolution":"E:\\Ahmedabbas\\SCOUT\\amazon-clone\\functions\\node_modules\\firebase-functions\\lib\\index.js"} {"metadata":{"emulator":{"name":"functions"},"message":"[runtime-status] [14560] Resolved module firebase-functions {\"declared\":true,\"installed\":true,\"version\":\"3.16.0\",\"resolution\":\"E:\\\\Ahmedabbas\\\\SCOUT\\\\amazon-clone\\\\functions\\\\node_modules\\\\firebase-functions\\\\lib\\\\index.js\"}"}}
[debug] [2022-01-18T20:56:22.794Z] [runtime-status] [14560] Checked functions.config() {"config":{}} {"metadata":{"emulator":{"name":"functions"},"message":"[runtime-status] [14560] Checked functions.config() {\"config\":{}}"}}
[debug] [2022-01-18T20:56:22.795Z] [runtime-status] [14560] firebase-functions has been stubbed. {"functionsResolution":{"declared":true,"installed":true,"version":"3.16.0","resolution":"E:\\Ahmedabbas\\SCOUT\\amazon-clone\\functions\\node_modules\\firebase-functions\\lib\\index.js"}} {"metadata":{"emulator":{"name":"functions"},"message":"[runtime-status] [14560] firebase-functions has been stubbed. {\"functionsResolution\":{\"declared\":true,\"installed\":true,\"version\":\"3.16.0\",\"resolution\":\"E:\\\\Ahmedabbas\\\\SCOUT\\\\amazon-clone\\\\functions\\\\node_modules\\\\firebase-functions\\\\lib\\\\index.js\"}}"}}
[debug] [2022-01-18T20:56:22.799Z] [runtime-status] [14560] Resolved module firebase-functions {"declared":true,"installed":true,"version":"3.16.0","resolution":"E:\\Ahmedabbas\\SCOUT\\amazon-clone\\functions\\node_modules\\firebase-functions\\lib\\index.js"} {"metadata":{"emulator":{"name":"functions"},"message":"[runtime-status] [14560] Resolved module firebase-functions {\"declared\":true,\"installed\":true,\"version\":\"3.16.0\",\"resolution\":\"E:\\\\Ahmedabbas\\\\SCOUT\\\\amazon-clone\\\\functions\\\\node_modules\\\\firebase-functions\\\\lib\\\\index.js\"}"}}
[debug] [2022-01-18T20:56:22.803Z] [runtime-status] [14560] Resolved module firebase-admin {"declared":true,"installed":true,"version":"9.12.0","resolution":"E:\\Ahmedabbas\\SCOUT\\amazon-clone\\functions\\node_modules\\firebase-admin\\lib\\index.js"} {"metadata":{"emulator":{"name":"functions"},"message":"[runtime-status] [14560] Resolved module firebase-admin {\"declared\":true,\"installed\":true,\"version\":\"9.12.0\",\"resolution\":\"E:\\\\Ahmedabbas\\\\SCOUT\\\\amazon-clone\\\\functions\\\\node_modules\\\\firebase-admin\\\\lib\\\\index.js\"}"}}
[debug] [2022-01-18T20:56:22.806Z] [runtime-status] [14560] Resolved module firebase-functions {"declared":true,"installed":true,"version":"3.16.0","resolution":"E:\\Ahmedabbas\\SCOUT\\amazon-clone\\functions\\node_modules\\firebase-functions\\lib\\index.js"} {"metadata":{"emulator":{"name":"functions"},"message":"[runtime-status] [14560] Resolved module firebase-functions {\"declared\":true,\"installed\":true,\"version\":\"3.16.0\",\"resolution\":\"E:\\\\Ahmedabbas\\\\SCOUT\\\\amazon-clone\\\\functions\\\\node_modules\\\\firebase-functions\\\\lib\\\\index.js\"}"}}
[debug] [2022-01-18T20:56:22.806Z] [runtime-status] [14560] firebase-admin has been stubbed. {"adminResolution":{"declared":true,"installed":true,"version":"9.12.0","resolution":"E:\\Ahmedabbas\\SCOUT\\amazon-clone\\functions\\node_modules\\firebase-admin\\lib\\index.js"}} {"metadata":{"emulator":{"name":"functions"},"message":"[runtime-status] [14560] firebase-admin has been stubbed. {\"adminResolution\":{\"declared\":true,\"installed\":true,\"version\":\"9.12.0\",\"resolution\":\"E:\\\\Ahmedabbas\\\\SCOUT\\\\amazon-clone\\\\functions\\\\node_modules\\\\firebase-admin\\\\lib\\\\index.js\"}}"}}
[debug] [2022-01-18T20:56:22.976Z] [worker-~diagnostic~-2c6b2a8e-ad8d-4aab-872b-457bfb2d7910]: IDLE {"metadata":{"emulator":{"name":"functions"},"message":"[worker-~diagnostic~-2c6b2a8e-ad8d-4aab-872b-457bfb2d7910]: IDLE"}}
[debug] [2022-01-18T20:57:47.223Z] File E:\Ahmedabbas\SCOUT\amazon-clone\functions\index.js changed, reloading triggers {"metadata":{"emulator":{"name":"functions"},"message":"File E:\\Ahmedabbas\\SCOUT\\amazon-clone\\functions\\index.js changed, reloading triggers"}}
[debug] [2022-01-18T20:57:48.233Z] [worker-pool] Shutting down IDLE worker (~diagnostic~) {"metadata":{"emulator":{"name":"functions"},"message":"[worker-pool] Shutting down IDLE worker (~diagnostic~)"}}
[debug] [2022-01-18T20:57:48.233Z] [worker-~diagnostic~-2c6b2a8e-ad8d-4aab-872b-457bfb2d7910]: FINISHING {"metadata":{"emulator":{"name":"functions"},"message":"[worker-~diagnostic~-2c6b2a8e-ad8d-4aab-872b-457bfb2d7910]: FINISHING"}}
[debug] [2022-01-18T20:57:48.234Z] [worker-pool] Cleaned up workers for ~diagnostic~: 2 --> 1 {"metadata":{"emulator":{"name":"functions"},"message":"[worker-pool] Cleaned up workers for ~diagnostic~: 2 --> 1"}}
[debug] [2022-01-18T20:57:48.243Z] [worker-pool] addWorker(~diagnostic~) {"metadata":{"emulator":{"name":"functions"},"message":"[worker-pool] addWorker(~diagnostic~)"}}
[debug] [2022-01-18T20:57:48.243Z] [worker-pool] Adding worker with key ~diagnostic~, total=2 {"metadata":{"emulator":{"name":"functions"},"message":"[worker-pool] Adding worker with key ~diagnostic~, total=2"}}
[debug] [2022-01-18T20:57:48.243Z] [worker-pool] submitWork(triggerId=) {"metadata":{"emulator":{"name":"functions"},"message":"[worker-pool] submitWork(triggerId=)"}}
[debug] [2022-01-18T20:57:48.243Z] [worker-~diagnostic~-6c212c2e-b32b-4f0f-a0ee-48590d7e5009]: Assigning socketPath: \\?\pipe\E:\Ahmedabbas\SCOUT\amazon-clone\functions\3876 {"metadata":{"emulator":{"name":"functions"},"message":"[worker-~diagnostic~-6c212c2e-b32b-4f0f-a0ee-48590d7e5009]: Assigning socketPath: \\\\?\\pipe\\E:\\Ahmedabbas\\SCOUT\\amazon-clone\\functions\\3876"}}
[debug] [2022-01-18T20:57:48.243Z] [worker-~diagnostic~-6c212c2e-b32b-4f0f-a0ee-48590d7e5009]: BUSY {"metadata":{"emulator":{"name":"functions"},"message":"[worker-~diagnostic~-6c212c2e-b32b-4f0f-a0ee-48590d7e5009]: BUSY"}}
[debug] [2022-01-18T20:57:48.244Z] [worker-~diagnostic~-2c6b2a8e-ad8d-4aab-872b-457bfb2d7910]: exited {"metadata":{"emulator":{"name":"functions"},"message":"[worker-~diagnostic~-2c6b2a8e-ad8d-4aab-872b-457bfb2d7910]: exited"}}
[debug] [2022-01-18T20:57:48.244Z] [worker-~diagnostic~-2c6b2a8e-ad8d-4aab-872b-457bfb2d7910]: FINISHED {"metadata":{"emulator":{"name":"functions"},"message":"[worker-~diagnostic~-2c6b2a8e-ad8d-4aab-872b-457bfb2d7910]: FINISHED"}}
[debug] [2022-01-18T20:57:48.470Z] [runtime-status] [3876] Functions runtime initialized. {"cwd":"E:\\Ahmedabbas\\SCOUT\\amazon-clone\\functions","node_version":"16.13.1"} {"metadata":{"emulator":{"name":"functions"},"message":"[runtime-status] [3876] Functions runtime initialized. {\"cwd\":\"E:\\\\Ahmedabbas\\\\SCOUT\\\\amazon-clone\\\\functions\",\"node_version\":\"16.13.1\"}"}}
[debug] [2022-01-18T20:57:48.472Z] [runtime-status] [3876] Disabled runtime features: undefined {"metadata":{"emulator":{"name":"functions"},"message":"[runtime-status] [3876] Disabled runtime features: undefined"}}
[debug] [2022-01-18T20:57:48.475Z] [runtime-status] [3876] Resolved module firebase-admin {"declared":true,"installed":true,"version":"9.12.0","resolution":"E:\\Ahmedabbas\\SCOUT\\amazon-clone\\functions\\node_modules\\firebase-admin\\lib\\index.js"} {"metadata":{"emulator":{"name":"functions"},"message":"[runtime-status] [3876] Resolved module firebase-admin {\"declared\":true,\"installed\":true,\"version\":\"9.12.0\",\"resolution\":\"E:\\\\Ahmedabbas\\\\SCOUT\\\\amazon-clone\\\\functions\\\\node_modules\\\\firebase-admin\\\\lib\\\\index.js\"}"}}
[debug] [2022-01-18T20:57:48.478Z] [runtime-status] [3876] Resolved module firebase-functions {"declared":true,"installed":true,"version":"3.16.0","resolution":"E:\\Ahmedabbas\\SCOUT\\amazon-clone\\functions\\node_modules\\firebase-functions\\lib\\index.js"} {"metadata":{"emulator":{"name":"functions"},"message":"[runtime-status] [3876] Resolved module firebase-functions {\"declared\":true,\"installed\":true,\"version\":\"3.16.0\",\"resolution\":\"E:\\\\Ahmedabbas\\\\SCOUT\\\\amazon-clone\\\\functions\\\\node_modules\\\\firebase-functions\\\\lib\\\\index.js\"}"}}
[debug] [2022-01-18T20:57:48.480Z] [runtime-status] [3876] Outgoing network have been stubbed. [{"name":"http","status":"mocked"},{"name":"http","status":"mocked"},{"name":"https","status":"mocked"},{"name":"https","status":"mocked"},{"name":"net","status":"mocked"}] {"metadata":{"emulator":{"name":"functions"},"message":"[runtime-status] [3876] Outgoing network have been stubbed. [{\"name\":\"http\",\"status\":\"mocked\"},{\"name\":\"http\",\"status\":\"mocked\"},{\"name\":\"https\",\"status\":\"mocked\"},{\"name\":\"https\",\"status\":\"mocked\"},{\"name\":\"net\",\"status\":\"mocked\"}]"}}
[debug] [2022-01-18T20:57:48.482Z] [runtime-status] [3876] Resolved module firebase-functions {"declared":true,"installed":true,"version":"3.16.0","resolution":"E:\\Ahmedabbas\\SCOUT\\amazon-clone\\functions\\node_modules\\firebase-functions\\lib\\index.js"} {"metadata":{"emulator":{"name":"functions"},"message":"[runtime-status] [3876] Resolved module firebase-functions {\"declared\":true,\"installed\":true,\"version\":\"3.16.0\",\"resolution\":\"E:\\\\Ahmedabbas\\\\SCOUT\\\\amazon-clone\\\\functions\\\\node_modules\\\\firebase-functions\\\\lib\\\\index.js\"}"}}
[debug] [2022-01-18T20:57:48.541Z] [runtime-status] [3876] Checked functions.config() {"config":{}} {"metadata":{"emulator":{"name":"functions"},"message":"[runtime-status] [3876] Checked functions.config() {\"config\":{}}"}}
[debug] [2022-01-18T20:57:48.541Z] [runtime-status] [3876] firebase-functions has been stubbed. {"functionsResolution":{"declared":true,"installed":true,"version":"3.16.0","resolution":"E:\\Ahmedabbas\\SCOUT\\amazon-clone\\functions\\node_modules\\firebase-functions\\lib\\index.js"}} {"metadata":{"emulator":{"name":"functions"},"message":"[runtime-status] [3876] firebase-functions has been stubbed. {\"functionsResolution\":{\"declared\":true,\"installed\":true,\"version\":\"3.16.0\",\"resolution\":\"E:\\\\Ahmedabbas\\\\SCOUT\\\\amazon-clone\\\\functions\\\\node_modules\\\\firebase-functions\\\\lib\\\\index.js\"}}"}}
[debug] [2022-01-18T20:57:48.543Z] [runtime-status] [3876] Resolved module firebase-functions {"declared":true,"installed":true,"version":"3.16.0","resolution":"E:\\Ahmedabbas\\SCOUT\\amazon-clone\\functions\\node_modules\\firebase-functions\\lib\\index.js"} {"metadata":{"emulator":{"name":"functions"},"message":"[runtime-status] [3876] Resolved module firebase-functions {\"declared\":true,\"installed\":true,\"version\":\"3.16.0\",\"resolution\":\"E:\\\\Ahmedabbas\\\\SCOUT\\\\amazon-clone\\\\functions\\\\node_modules\\\\firebase-functions\\\\lib\\\\index.js\"}"}}
[debug] [2022-01-18T20:57:48.544Z] [runtime-status] [3876] Resolved module firebase-admin {"declared":true,"installed":true,"version":"9.12.0","resolution":"E:\\Ahmedabbas\\SCOUT\\amazon-clone\\functions\\node_modules\\firebase-admin\\lib\\index.js"} {"metadata":{"emulator":{"name":"functions"},"message":"[runtime-status] [3876] Resolved module firebase-admin {\"declared\":true,\"installed\":true,\"version\":\"9.12.0\",\"resolution\":\"E:\\\\Ahmedabbas\\\\SCOUT\\\\amazon-clone\\\\functions\\\\node_modules\\\\firebase-admin\\\\lib\\\\index.js\"}"}}
[debug] [2022-01-18T20:57:48.545Z] [runtime-status] [3876] Resolved module firebase-functions {"declared":true,"installed":true,"version":"3.16.0","resolution":"E:\\Ahmedabbas\\SCOUT\\amazon-clone\\functions\\node_modules\\firebase-functions\\lib\\index.js"} {"metadata":{"emulator":{"name":"functions"},"message":"[runtime-status] [3876] Resolved module firebase-functions {\"declared\":true,\"installed\":true,\"version\":\"3.16.0\",\"resolution\":\"E:\\\\Ahmedabbas\\\\SCOUT\\\\amazon-clone\\\\functions\\\\node_modules\\\\firebase-functions\\\\lib\\\\index.js\"}"}}
[debug] [2022-01-18T20:57:48.546Z] [runtime-status] [3876] firebase-admin has been stubbed. {"adminResolution":{"declared":true,"installed":true,"version":"9.12.0","resolution":"E:\\Ahmedabbas\\SCOUT\\amazon-clone\\functions\\node_modules\\firebase-admin\\lib\\index.js"}} {"metadata":{"emulator":{"name":"functions"},"message":"[runtime-status] [3876] firebase-admin has been stubbed. {\"adminResolution\":{\"declared\":true,\"installed\":true,\"version\":\"9.12.0\",\"resolution\":\"E:\\\\Ahmedabbas\\\\SCOUT\\\\amazon-clone\\\\functions\\\\node_modules\\\\firebase-admin\\\\lib\\\\index.js\"}}"}}
[debug] [2022-01-18T20:57:48.832Z] [worker-~diagnostic~-6c212c2e-b32b-4f0f-a0ee-48590d7e5009]: IDLE {"metadata":{"emulator":{"name":"functions"},"message":"[worker-~diagnostic~-6c212c2e-b32b-4f0f-a0ee-48590d7e5009]: IDLE"}}
[debug] [2022-01-18T21:01:20.082Z] File E:\Ahmedabbas\SCOUT\amazon-clone\functions\index.js changed, reloading triggers {"metadata":{"emulator":{"name":"functions"},"message":"File E:\\Ahmedabbas\\SCOUT\\amazon-clone\\functions\\index.js changed, reloading triggers"}}
[debug] [2022-01-18T21:01:21.090Z] [worker-pool] Shutting down IDLE worker (~diagnostic~) {"metadata":{"emulator":{"name":"functions"},"message":"[worker-pool] Shutting down IDLE worker (~diagnostic~)"}}
[debug] [2022-01-18T21:01:21.090Z] [worker-~diagnostic~-6c212c2e-b32b-4f0f-a0ee-48590d7e5009]: FINISHING {"metadata":{"emulator":{"name":"functions"},"message":"[worker-~diagnostic~-6c212c2e-b32b-4f0f-a0ee-48590d7e5009]: FINISHING"}}
[debug] [2022-01-18T21:01:21.091Z] [worker-pool] Cleaned up workers for ~diagnostic~: 2 --> 1 {"metadata":{"emulator":{"name":"functions"},"message":"[worker-pool] Cleaned up workers for ~diagnostic~: 2 --> 1"}}
[debug] [2022-01-18T21:01:21.106Z] [worker-pool] addWorker(~diagnostic~) {"metadata":{"emulator":{"name":"functions"},"message":"[worker-pool] addWorker(~diagnostic~)"}}
[debug] [2022-01-18T21:01:21.106Z] [worker-pool] Adding worker with key ~diagnostic~, total=2 {"metadata":{"emulator":{"name":"functions"},"message":"[worker-pool] Adding worker with key ~diagnostic~, total=2"}}
[debug] [2022-01-18T21:01:21.107Z] [worker-pool] submitWork(triggerId=) {"metadata":{"emulator":{"name":"functions"},"message":"[worker-pool] submitWork(triggerId=)"}}
[debug] [2022-01-18T21:01:21.107Z] [worker-~diagnostic~-69c77054-701d-4cd9-a9f1-2221fdddd53b]: Assigning socketPath: \\?\pipe\E:\Ahmedabbas\SCOUT\amazon-clone\functions\3784 {"metadata":{"emulator":{"name":"functions"},"message":"[worker-~diagnostic~-69c77054-701d-4cd9-a9f1-2221fdddd53b]: Assigning socketPath: \\\\?\\pipe\\E:\\Ahmedabbas\\SCOUT\\amazon-clone\\functions\\3784"}}
[debug] [2022-01-18T21:01:21.107Z] [worker-~diagnostic~-69c77054-701d-4cd9-a9f1-2221fdddd53b]: BUSY {"metadata":{"emulator":{"name":"functions"},"message":"[worker-~diagnostic~-69c77054-701d-4cd9-a9f1-2221fdddd53b]: BUSY"}}
[debug] [2022-01-18T21:01:21.109Z] [worker-~diagnostic~-6c212c2e-b32b-4f0f-a0ee-48590d7e5009]: exited {"metadata":{"emulator":{"name":"functions"},"message":"[worker-~diagnostic~-6c212c2e-b32b-4f0f-a0ee-48590d7e5009]: exited"}}
[debug] [2022-01-18T21:01:21.110Z] [worker-~diagnostic~-6c212c2e-b32b-4f0f-a0ee-48590d7e5009]: FINISHED {"metadata":{"emulator":{"name":"functions"},"message":"[worker-~diagnostic~-6c212c2e-b32b-4f0f-a0ee-48590d7e5009]: FINISHED"}}
[debug] [2022-01-18T21:01:21.711Z] [runtime-status] [3784] Functions runtime initialized. {"cwd":"E:\\Ahmedabbas\\SCOUT\\amazon-clone\\functions","node_version":"16.13.1"} {"metadata":{"emulator":{"name":"functions"},"message":"[runtime-status] [3784] Functions runtime initialized. {\"cwd\":\"E:\\\\Ahmedabbas\\\\SCOUT\\\\amazon-clone\\\\functions\",\"node_version\":\"16.13.1\"}"}}
[debug] [2022-01-18T21:01:21.720Z] [runtime-status] [3784] Disabled runtime features: undefined {"metadata":{"emulator":{"name":"functions"},"message":"[runtime-status] [3784] Disabled runtime features: undefined"}}
[debug] [2022-01-18T21:01:21.724Z] [runtime-status] [3784] Resolved module firebase-admin {"declared":true,"installed":true,"version":"9.12.0","resolution":"E:\\Ahmedabbas\\SCOUT\\amazon-clone\\functions\\node_modules\\firebase-admin\\lib\\index.js"} {"metadata":{"emulator":{"name":"functions"},"message":"[runtime-status] [3784] Resolved module firebase-admin {\"declared\":true,\"installed\":true,\"version\":\"9.12.0\",\"resolution\":\"E:\\\\Ahmedabbas\\\\SCOUT\\\\amazon-clone\\\\functions\\\\node_modules\\\\firebase-admin\\\\lib\\\\index.js\"}"}}
[debug] [2022-01-18T21:01:21.734Z] [runtime-status] [3784] Resolved module firebase-functions {"declared":true,"installed":true,"version":"3.16.0","resolution":"E:\\Ahmedabbas\\SCOUT\\amazon-clone\\functions\\node_modules\\firebase-functions\\lib\\index.js"} {"metadata":{"emulator":{"name":"functions"},"message":"[runtime-status] [3784] Resolved module firebase-functions {\"declared\":true,\"installed\":true,\"version\":\"3.16.0\",\"resolution\":\"E:\\\\Ahmedabbas\\\\SCOUT\\\\amazon-clone\\\\functions\\\\node_modules\\\\firebase-functions\\\\lib\\\\index.js\"}"}}
[debug] [2022-01-18T21:01:21.739Z] [runtime-status] [3784] Outgoing network have been stubbed. [{"name":"http","status":"mocked"},{"name":"http","status":"mocked"},{"name":"https","status":"mocked"},{"name":"https","status":"mocked"},{"name":"net","status":"mocked"}] {"metadata":{"emulator":{"name":"functions"},"message":"[runtime-status] [3784] Outgoing network have been stubbed. [{\"name\":\"http\",\"status\":\"mocked\"},{\"name\":\"http\",\"status\":\"mocked\"},{\"name\":\"https\",\"status\":\"mocked\"},{\"name\":\"https\",\"status\":\"mocked\"},{\"name\":\"net\",\"status\":\"mocked\"}]"}}
[debug] [2022-01-18T21:01:21.743Z] [runtime-status] [3784] Resolved module firebase-functions {"declared":true,"installed":true,"version":"3.16.0","resolution":"E:\\Ahmedabbas\\SCOUT\\amazon-clone\\functions\\node_modules\\firebase-functions\\lib\\index.js"} {"metadata":{"emulator":{"name":"functions"},"message":"[runtime-status] [3784] Resolved module firebase-functions {\"declared\":true,\"installed\":true,\"version\":\"3.16.0\",\"resolution\":\"E:\\\\Ahmedabbas\\\\SCOUT\\\\amazon-clone\\\\functions\\\\node_modules\\\\firebase-functions\\\\lib\\\\index.js\"}"}}
[debug] [2022-01-18T21:01:21.842Z] [runtime-status] [3784] Checked functions.config() {"config":{}} {"metadata":{"emulator":{"name":"functions"},"message":"[runtime-status] [3784] Checked functions.config() {\"config\":{}}"}}
[debug] [2022-01-18T21:01:21.843Z] [runtime-status] [3784] firebase-functions has been stubbed. {"functionsResolution":{"declared":true,"installed":true,"version":"3.16.0","resolution":"E:\\Ahmedabbas\\SCOUT\\amazon-clone\\functions\\node_modules\\firebase-functions\\lib\\index.js"}} {"metadata":{"emulator":{"name":"functions"},"message":"[runtime-status] [3784] firebase-functions has been stubbed. {\"functionsResolution\":{\"declared\":true,\"installed\":true,\"version\":\"3.16.0\",\"resolution\":\"E:\\\\Ahmedabbas\\\\SCOUT\\\\amazon-clone\\\\functions\\\\node_modules\\\\firebase-functions\\\\lib\\\\index.js\"}}"}}
[debug] [2022-01-18T21:01:21.845Z] [runtime-status] [3784] Resolved module firebase-functions {"declared":true,"installed":true,"version":"3.16.0","resolution":"E:\\Ahmedabbas\\SCOUT\\amazon-clone\\functions\\node_modules\\firebase-functions\\lib\\index.js"} {"metadata":{"emulator":{"name":"functions"},"message":"[runtime-status] [3784] Resolved module firebase-functions {\"declared\":true,\"installed\":true,\"version\":\"3.16.0\",\"resolution\":\"E:\\\\Ahmedabbas\\\\SCOUT\\\\amazon-clone\\\\functions\\\\node_modules\\\\firebase-functions\\\\lib\\\\index.js\"}"}}
[debug] [2022-01-18T21:01:21.849Z] [runtime-status] [3784] Resolved module firebase-admin {"declared":true,"installed":true,"version":"9.12.0","resolution":"E:\\Ahmedabbas\\SCOUT\\amazon-clone\\functions\\node_modules\\firebase-admin\\lib\\index.js"} {"metadata":{"emulator":{"name":"functions"},"message":"[runtime-status] [3784] Resolved module firebase-admin {\"declared\":true,\"installed\":true,\"version\":\"9.12.0\",\"resolution\":\"E:\\\\Ahmedabbas\\\\SCOUT\\\\amazon-clone\\\\functions\\\\node_modules\\\\firebase-admin\\\\lib\\\\index.js\"}"}}
[debug] [2022-01-18T21:01:21.852Z] [runtime-status] [3784] Resolved module firebase-functions {"declared":true,"installed":true,"version":"3.16.0","resolution":"E:\\Ahmedabbas\\SCOUT\\amazon-clone\\functions\\node_modules\\firebase-functions\\lib\\index.js"} {"metadata":{"emulator":{"name":"functions"},"message":"[runtime-status] [3784] Resolved module firebase-functions {\"declared\":true,\"installed\":true,\"version\":\"3.16.0\",\"resolution\":\"E:\\\\Ahmedabbas\\\\SCOUT\\\\amazon-clone\\\\functions\\\\node_modules\\\\firebase-functions\\\\lib\\\\index.js\"}"}}
[debug] [2022-01-18T21:01:21.854Z] [runtime-status] [3784] firebase-admin has been stubbed. {"adminResolution":{"declared":true,"installed":true,"version":"9.12.0","resolution":"E:\\Ahmedabbas\\SCOUT\\amazon-clone\\functions\\node_modules\\firebase-admin\\lib\\index.js"}} {"metadata":{"emulator":{"name":"functions"},"message":"[runtime-status] [3784] firebase-admin has been stubbed. {\"adminResolution\":{\"declared\":true,\"installed\":true,\"version\":\"9.12.0\",\"resolution\":\"E:\\\\Ahmedabbas\\\\SCOUT\\\\amazon-clone\\\\functions\\\\node_modules\\\\firebase-admin\\\\lib\\\\index.js\"}}"}}
[debug] [2022-01-18T21:01:22.092Z] [worker-~diagnostic~-69c77054-701d-4cd9-a9f1-2221fdddd53b]: IDLE {"metadata":{"emulator":{"name":"functions"},"message":"[worker-~diagnostic~-69c77054-701d-4cd9-a9f1-2221fdddd53b]: IDLE"}}
[debug] [2022-01-18T21:01:42.985Z] File E:\Ahmedabbas\SCOUT\amazon-clone\functions\index.js changed, reloading triggers {"metadata":{"emulator":{"name":"functions"},"message":"File E:\\Ahmedabbas\\SCOUT\\amazon-clone\\functions\\index.js changed, reloading triggers"}}
[debug] [2022-01-18T21:01:43.996Z] [worker-pool] Shutting down IDLE worker (~diagnostic~) {"metadata":{"emulator":{"name":"functions"},"message":"[worker-pool] Shutting down IDLE worker (~diagnostic~)"}}
[debug] [2022-01-18T21:01:43.996Z] [worker-~diagnostic~-69c77054-701d-4cd9-a9f1-2221fdddd53b]: FINISHING {"metadata":{"emulator":{"name":"functions"},"message":"[worker-~diagnostic~-69c77054-701d-4cd9-a9f1-2221fdddd53b]: FINISHING"}}
[debug] [2022-01-18T21:01:43.996Z] [worker-pool] Cleaned up workers for ~diagnostic~: 2 --> 1 {"metadata":{"emulator":{"name":"functions"},"message":"[worker-pool] Cleaned up workers for ~diagnostic~: 2 --> 1"}}
[debug] [2022-01-18T21:01:44.003Z] [worker-pool] addWorker(~diagnostic~) {"metadata":{"emulator":{"name":"functions"},"message":"[worker-pool] addWorker(~diagnostic~)"}}
[debug] [2022-01-18T21:01:44.003Z] [worker-pool] Adding worker with key ~diagnostic~, total=2 {"metadata":{"emulator":{"name":"functions"},"message":"[worker-pool] Adding worker with key ~diagnostic~, total=2"}}
[debug] [2022-01-18T21:01:44.004Z] [worker-pool] submitWork(triggerId=) {"metadata":{"emulator":{"name":"functions"},"message":"[worker-pool] submitWork(triggerId=)"}}
[debug] [2022-01-18T21:01:44.004Z] [worker-~diagnostic~-7185ba0e-4642-4944-9df8-f2bc9ddec2fc]: Assigning socketPath: \\?\pipe\E:\Ahmedabbas\SCOUT\amazon-clone\functions\13340 {"metadata":{"emulator":{"name":"functions"},"message":"[worker-~diagnostic~-7185ba0e-4642-4944-9df8-f2bc9ddec2fc]: Assigning socketPath: \\\\?\\pipe\\E:\\Ahmedabbas\\SCOUT\\amazon-clone\\functions\\13340"}}
[debug] [2022-01-18T21:01:44.004Z] [worker-~diagnostic~-7185ba0e-4642-4944-9df8-f2bc9ddec2fc]: BUSY {"metadata":{"emulator":{"name":"functions"},"message":"[worker-~diagnostic~-7185ba0e-4642-4944-9df8-f2bc9ddec2fc]: BUSY"}}
[debug] [2022-01-18T21:01:44.004Z] [worker-~diagnostic~-69c77054-701d-4cd9-a9f1-2221fdddd53b]: exited {"metadata":{"emulator":{"name":"functions"},"message":"[worker-~diagnostic~-69c77054-701d-4cd9-a9f1-2221fdddd53b]: exited"}}
[debug] [2022-01-18T21:01:44.005Z] [worker-~diagnostic~-69c77054-701d-4cd9-a9f1-2221fdddd53b]: FINISHED {"metadata":{"emulator":{"name":"functions"},"message":"[worker-~diagnostic~-69c77054-701d-4cd9-a9f1-2221fdddd53b]: FINISHED"}}
[debug] [2022-01-18T21:01:44.305Z] [runtime-status] [13340] Functions runtime initialized. {"cwd":"E:\\Ahmedabbas\\SCOUT\\amazon-clone\\functions","node_version":"16.13.1"} {"metadata":{"emulator":{"name":"functions"},"message":"[runtime-status] [13340] Functions runtime initialized. {\"cwd\":\"E:\\\\Ahmedabbas\\\\SCOUT\\\\amazon-clone\\\\functions\",\"node_version\":\"16.13.1\"}"}}
[debug] [2022-01-18T21:01:44.308Z] [runtime-status] [13340] Disabled runtime features: undefined {"metadata":{"emulator":{"name":"functions"},"message":"[runtime-status] [13340] Disabled runtime features: undefined"}}
[debug] [2022-01-18T21:01:44.312Z] [runtime-status] [13340] Resolved module firebase-admin {"declared":true,"installed":true,"version":"9.12.0","resolution":"E:\\Ahmedabbas\\SCOUT\\amazon-clone\\functions\\node_modules\\firebase-admin\\lib\\index.js"} {"metadata":{"emulator":{"name":"functions"},"message":"[runtime-status] [13340] Resolved module firebase-admin {\"declared\":true,\"installed\":true,\"version\":\"9.12.0\",\"resolution\":\"E:\\\\Ahmedabbas\\\\SCOUT\\\\amazon-clone\\\\functions\\\\node_modules\\\\firebase-admin\\\\lib\\\\index.js\"}"}}
[debug] [2022-01-18T21:01:44.318Z] [runtime-status] [13340] Resolved module firebase-functions {"declared":true,"installed":true,"version":"3.16.0","resolution":"E:\\Ahmedabbas\\SCOUT\\amazon-clone\\functions\\node_modules\\firebase-functions\\lib\\index.js"} {"metadata":{"emulator":{"name":"functions"},"message":"[runtime-status] [13340] Resolved module firebase-functions {\"declared\":true,\"installed\":true,\"version\":\"3.16.0\",\"resolution\":\"E:\\\\Ahmedabbas\\\\SCOUT\\\\amazon-clone\\\\functions\\\\node_modules\\\\firebase-functions\\\\lib\\\\index.js\"}"}}
[debug] [2022-01-18T21:01:44.322Z] [runtime-status] [13340] Outgoing network have been stubbed. [{"name":"http","status":"mocked"},{"name":"http","status":"mocked"},{"name":"https","status":"mocked"},{"name":"https","status":"mocked"},{"name":"net","status":"mocked"}] {"metadata":{"emulator":{"name":"functions"},"message":"[runtime-status] [13340] Outgoing network have been stubbed. [{\"name\":\"http\",\"status\":\"mocked\"},{\"name\":\"http\",\"status\":\"mocked\"},{\"name\":\"https\",\"status\":\"mocked\"},{\"name\":\"https\",\"status\":\"mocked\"},{\"name\":\"net\",\"status\":\"mocked\"}]"}}
[debug] [2022-01-18T21:01:44.324Z] [runtime-status] [13340] Resolved module firebase-functions {"declared":true,"installed":true,"version":"3.16.0","resolution":"E:\\Ahmedabbas\\SCOUT\\amazon-clone\\functions\\node_modules\\firebase-functions\\lib\\index.js"} {"metadata":{"emulator":{"name":"functions"},"message":"[runtime-status] [13340] Resolved module firebase-functions {\"declared\":true,\"installed\":true,\"version\":\"3.16.0\",\"resolution\":\"E:\\\\Ahmedabbas\\\\SCOUT\\\\amazon-clone\\\\functions\\\\node_modules\\\\firebase-functions\\\\lib\\\\index.js\"}"}}
[debug] [2022-01-18T21:01:44.387Z] [runtime-status] [13340] Checked functions.config() {"config":{}} {"metadata":{"emulator":{"name":"functions"},"message":"[runtime-status] [13340] Checked functions.config() {\"config\":{}}"}}
[debug] [2022-01-18T21:01:44.387Z] [runtime-status] [13340] firebase-functions has been stubbed. {"functionsResolution":{"declared":true,"installed":true,"version":"3.16.0","resolution":"E:\\Ahmedabbas\\SCOUT\\amazon-clone\\functions\\node_modules\\firebase-functions\\lib\\index.js"}} {"metadata":{"emulator":{"name":"functions"},"message":"[runtime-status] [13340] firebase-functions has been stubbed. {\"functionsResolution\":{\"declared\":true,\"installed\":true,\"version\":\"3.16.0\",\"resolution\":\"E:\\\\Ahmedabbas\\\\SCOUT\\\\amazon-clone\\\\functions\\\\node_modules\\\\firebase-functions\\\\lib\\\\index.js\"}}"}}
[debug] [2022-01-18T21:01:44.388Z] [runtime-status] [13340] Resolved module firebase-functions {"declared":true,"installed":true,"version":"3.16.0","resolution":"E:\\Ahmedabbas\\SCOUT\\amazon-clone\\functions\\node_modules\\firebase-functions\\lib\\index.js"} {"metadata":{"emulator":{"name":"functions"},"message":"[runtime-status] [13340] Resolved module firebase-functions {\"declared\":true,\"installed\":true,\"version\":\"3.16.0\",\"resolution\":\"E:\\\\Ahmedabbas\\\\SCOUT\\\\amazon-clone\\\\functions\\\\node_modules\\\\firebase-functions\\\\lib\\\\index.js\"}"}}
[debug] [2022-01-18T21:01:44.390Z] [runtime-status] [13340] Resolved module firebase-admin {"declared":true,"installed":true,"version":"9.12.0","resolution":"E:\\Ahmedabbas\\SCOUT\\amazon-clone\\functions\\node_modules\\firebase-admin\\lib\\index.js"} {"metadata":{"emulator":{"name":"functions"},"message":"[runtime-status] [13340] Resolved module firebase-admin {\"declared\":true,\"installed\":true,\"version\":\"9.12.0\",\"resolution\":\"E:\\\\Ahmedabbas\\\\SCOUT\\\\amazon-clone\\\\functions\\\\node_modules\\\\firebase-admin\\\\lib\\\\index.js\"}"}}
[debug] [2022-01-18T21:01:44.391Z] [runtime-status] [13340] Resolved module firebase-functions {"declared":true,"installed":true,"version":"3.16.0","resolution":"E:\\Ahmedabbas\\SCOUT\\amazon-clone\\functions\\node_modules\\firebase-functions\\lib\\index.js"} {"metadata":{"emulator":{"name":"functions"},"message":"[runtime-status] [13340] Resolved module firebase-functions {\"declared\":true,\"installed\":true,\"version\":\"3.16.0\",\"resolution\":\"E:\\\\Ahmedabbas\\\\SCOUT\\\\amazon-clone\\\\functions\\\\node_modules\\\\firebase-functions\\\\lib\\\\index.js\"}"}}
[debug] [2022-01-18T21:01:44.391Z] [runtime-status] [13340] firebase-admin has been stubbed. {"adminResolution":{"declared":true,"installed":true,"version":"9.12.0","resolution":"E:\\Ahmedabbas\\SCOUT\\amazon-clone\\functions\\node_modules\\firebase-admin\\lib\\index.js"}} {"metadata":{"emulator":{"name":"functions"},"message":"[runtime-status] [13340] firebase-admin has been stubbed. {\"adminResolution\":{\"declared\":true,\"installed\":true,\"version\":\"9.12.0\",\"resolution\":\"E:\\\\Ahmedabbas\\\\SCOUT\\\\amazon-clone\\\\functions\\\\node_modules\\\\firebase-admin\\\\lib\\\\index.js\"}}"}}
[debug] [2022-01-18T21:01:44.548Z] [worker-~diagnostic~-7185ba0e-4642-4944-9df8-f2bc9ddec2fc]: IDLE {"metadata":{"emulator":{"name":"functions"},"message":"[worker-~diagnostic~-7185ba0e-4642-4944-9df8-f2bc9ddec2fc]: IDLE"}}
[debug] [2022-01-19T04:58:36.189Z] Received signal SIGHUP 1
